Flow report for fourBitCounter
Tue Dec 17 02:06:21 2024
Quartus Prime Version 23.1std.1 Build 993 05/14/2024 SC Lite Edition


---------------------
; Table of Contents ;
---------------------
  1. Legal Notice
  2. Flow Summary
  3. Flow Settings
  4. Flow Non-Default Global Settings
  5. Flow Elapsed Time
  6. Flow OS Summary
  7. Flow Log
  8. Flow Messages
  9. Flow Suppressed Messages



----------------
; Legal Notice ;
----------------
Copyright (C) 2024  Intel Corporation. All rights reserved.
Your use of Intel Corporation's design tools, logic functions 
and other software and tools, and any partner logic 
functions, and any output files from any of the foregoing 
(including device programming or simulation files), and any 
associated documentation or information are expressly subject 
to the terms and conditions of the Intel Program License 
Subscription Agreement, the Intel Quartus Prime License Agreement,
the Intel FPGA IP License Agreement, or other applicable license
agreement, including, without limitation, that your use is for
the sole purpose of programming logic devices manufactured by
Intel and sold by Intel or its authorized distributors.  Please
refer to the applicable agreement for further details, at
https://fpgasoftware.intel.com/eula.



+-------------------------------------------------------------------------------------+
; Flow Summary                                                                        ;
+------------------------------------+------------------------------------------------+
; Flow Status                        ; Successful - Tue Dec 17 02:06:21 2024          ;
; Quartus Prime Version              ; 23.1std.1 Build 993 05/14/2024 SC Lite Edition ;
; Revision Name                      ; fourBitCounter                                 ;
; Top-level Entity Name              ; fourBitCounter                                 ;
; Family                             ; Cyclone IV E                                   ;
; Total logic elements               ; 4 / 6,272 ( < 1 % )                            ;
;     Total combinational functions  ; 4 / 6,272 ( < 1 % )                            ;
;     Dedicated logic registers      ; 4 / 6,272 ( < 1 % )                            ;
; Total registers                    ; 4                                              ;
; Total pins                         ; 5 / 92 ( 5 % )                                 ;
; Total virtual pins                 ; 0                                              ;
; Total memory bits                  ; 0 / 276,480 ( 0 % )                            ;
; Embedded Multiplier 9-bit elements ; 0 / 30 ( 0 % )                                 ;
; Total PLLs                         ; 0 / 2 ( 0 % )                                  ;
; Device                             ; EP4CE6E22C6                                    ;
; Timing Models                      ; Final                                          ;
+------------------------------------+------------------------------------------------+


+-----------------------------------------+
; Flow Settings                           ;
+-------------------+---------------------+
; Option            ; Setting             ;
+-------------------+---------------------+
; Start date & time ; 10/14/2024 18:41:44 ;
; Main task         ; Compilation         ;
; Revision Name     ; fourBitCounter      ;
+-------------------+---------------------+


+-------------------------------------------------------------------------------------------------------------------------+
; Flow Non-Default Global Settings                                                                                        ;
+-------------------------------------+----------------------------------------+---------------+-------------+------------+
; Assignment Name                     ; Value                                  ; Default Value ; Entity Name ; Section Id ;
+-------------------------------------+----------------------------------------+---------------+-------------+------------+
; COMPILER_SIGNATURE_ID               ; 50832832008745.172891330409004         ; --            ; --          ; --         ;
; PARTITION_COLOR                     ; -- (Not supported for targeted family) ; --            ; --          ; Top        ;
; PARTITION_FITTER_PRESERVATION_LEVEL ; -- (Not supported for targeted family) ; --            ; --          ; Top        ;
; PARTITION_NETLIST_TYPE              ; -- (Not supported for targeted family) ; --            ; --          ; Top        ;
+-------------------------------------+----------------------------------------+---------------+-------------+------------+


+--------------------------------------------------------------------------------------------------------------------------+
; Flow Elapsed Time                                                                                                        ;
+----------------------+--------------+-------------------------+---------------------+------------------------------------+
; Module Name          ; Elapsed Time ; Average Processors Used ; Peak Virtual Memory ; Total CPU Time (on all processors) ;
+----------------------+--------------+-------------------------+---------------------+------------------------------------+
; Analysis & Synthesis ; 00:00:06     ; 1.0                     ; 4860 MB             ; 00:00:04                           ;
; Fitter               ; 00:00:02     ; 1.0                     ; 5799 MB             ; 00:00:02                           ;
; Assembler            ; 00:00:01     ; 1.0                     ; 4681 MB             ; 00:00:00                           ;
; Timing Analyzer      ; 00:00:01     ; 1.0                     ; 4819 MB             ; 00:00:01                           ;
; EDA Netlist Writer   ; 00:00:00     ; 1.0                     ; 4632 MB             ; 00:00:00                           ;
; EDA Netlist Writer   ; 00:00:00     ; 1.0                     ; 4632 MB             ; 00:00:00                           ;
; EDA Netlist Writer   ; 00:00:01     ; 1.0                     ; 4632 MB             ; 00:00:00                           ;
; EDA Netlist Writer   ; 00:00:00     ; 1.0                     ; 4632 MB             ; 00:00:00                           ;
; EDA Netlist Writer   ; 00:00:02     ; 1.0                     ; 4632 MB             ; 00:00:00                           ;
; EDA Netlist Writer   ; 00:00:00     ; 1.0                     ; 4632 MB             ; 00:00:00                           ;
; EDA Netlist Writer   ; 00:00:00     ; 1.0                     ; 4632 MB             ; 00:00:00                           ;
; EDA Netlist Writer   ; 00:00:01     ; 1.0                     ; 4632 MB             ; 00:00:00                           ;
; EDA Netlist Writer   ; 00:00:01     ; 1.0                     ; 4632 MB             ; 00:00:00                           ;
; EDA Netlist Writer   ; 00:00:01     ; 1.0                     ; 4633 MB             ; 00:00:00                           ;
; Total                ; 00:00:16     ; --                      ; --                  ; 00:00:07                           ;
+----------------------+--------------+-------------------------+---------------------+------------------------------------+


+------------------------------------------------------------------------------------+
; Flow OS Summary                                                                    ;
+----------------------+------------------+------------+------------+----------------+
; Module Name          ; Machine Hostname ; OS Name    ; OS Version ; Processor type ;
+----------------------+------------------+------------+------------+----------------+
; Analysis & Synthesis ; Mian             ; Windows 10 ; 10.0       ; x86_64         ;
; Fitter               ; Mian             ; Windows 10 ; 10.0       ; x86_64         ;
; Assembler            ; Mian             ; Windows 10 ; 10.0       ; x86_64         ;
; Timing Analyzer      ; Mian             ; Windows 10 ; 10.0       ; x86_64         ;
; EDA Netlist Writer   ; Mian             ; Windows 10 ; 10.0       ; x86_64         ;
; EDA Netlist Writer   ; Mian             ; Windows 10 ; 10.0       ; x86_64         ;
; EDA Netlist Writer   ; Mian             ; Windows 10 ; 10.0       ; x86_64         ;
; EDA Netlist Writer   ; Mian             ; Windows 10 ; 10.0       ; x86_64         ;
; EDA Netlist Writer   ; Mian             ; Windows 10 ; 10.0       ; x86_64         ;
; EDA Netlist Writer   ; Mian             ; Windows 10 ; 10.0       ; x86_64         ;
; EDA Netlist Writer   ; Mian             ; Windows 10 ; 10.0       ; x86_64         ;
; EDA Netlist Writer   ; Mian             ; Windows 10 ; 10.0       ; x86_64         ;
; EDA Netlist Writer   ; Mian             ; Windows 10 ; 10.0       ; x86_64         ;
; EDA Netlist Writer   ; Mian             ; Windows 10 ; 10.0       ; x86_64         ;
+----------------------+------------------+------------+------------+----------------+


------------
; Flow Log ;
------------
quartus_map --read_settings_files=on --write_settings_files=off fourBitCounter -c fourBitCounter
quartus_fit --read_settings_files=off --write_settings_files=off fourBitCounter -c fourBitCounter
quartus_asm --read_settings_files=off --write_settings_files=off fourBitCounter -c fourBitCounter
quartus_sta fourBitCounter -c fourBitCounter
quartus_eda --gen_testbench --tool=modelsim_oem --format=vhdl --write_settings_files=off fourBitCounter -c fourBitCounter --vector_source="D:/5th-Semester/COA LAB/LABS/LAB4/Waveform.vwf" --testbench_file="D:/5th-Semester/COA LAB/LABS/LAB4/simulation/qsim/Waveform.vwf.vht"
quartus_eda --write_settings_files=off --simulation=on --functional=on --flatten_buses=off --tool=modelsim_oem --format=vhdl --output_directory="D:/5th-Semester/COA LAB/LABS/LAB4/simulation/qsim/" fourBitCounter -c fourBitCounter
quartus_eda --gen_testbench --tool=modelsim_oem --format=vhdl --write_settings_files=off fourBitCounter -c fourBitCounter --vector_source="D:/5th-Semester/COA LAB/LABS/LAB4/Waveform.vwf" --testbench_file="D:/5th-Semester/COA LAB/LABS/LAB4/simulation/qsim/Waveform.vwf.vht"
quartus_eda --write_settings_files=off --simulation=on --functional=on --flatten_buses=off --tool=modelsim_oem --format=vhdl --output_directory="D:/5th-Semester/COA LAB/LABS/LAB4/simulation/qsim/" fourBitCounter -c fourBitCounter
quartus_eda --gen_testbench --tool=modelsim_oem --format=vhdl --write_settings_files=off fourBitCounter -c fourBitCounter --vector_source="D:/5th-Semester/COA LAB/LABS/LAB4/Waveform.vwf" --testbench_file="D:/5th-Semester/COA LAB/LABS/LAB4/simulation/qsim/Waveform.vwf.vht"
quartus_eda --write_settings_files=off --simulation=on --functional=on --flatten_buses=off --tool=modelsim_oem --format=vhdl --output_directory="D:/5th-Semester/COA LAB/LABS/LAB4/simulation/qsim/" fourBitCounter -c fourBitCounter
quartus_eda --gen_testbench --tool=modelsim_oem --format=vhdl --write_settings_files=off fourBitCounter -c fourBitCounter --vector_source="D:/5th-Semester/COA LAB/LABS/LAB4/Waveform.vwf" --testbench_file="D:/5th-Semester/COA LAB/LABS/LAB4/simulation/qsim/Waveform.vwf.vht"
quartus_eda --write_settings_files=off --simulation=on --functional=on --flatten_buses=off --tool=modelsim_oem --format=vhdl --output_directory="D:/5th-Semester/COA LAB/LABS/LAB4/simulation/qsim/" fourBitCounter -c fourBitCounter
quartus_eda --gen_testbench --tool=modelsim_oem --format=vhdl --write_settings_files=off fourBitCounter -c fourBitCounter --vector_source="D:/5th-Semester/COA LAB/LABS/LAB4/Waveform.vwf" --testbench_file="D:/5th-Semester/COA LAB/LABS/LAB4/simulation/qsim/Waveform.vwf.vht"
quartus_eda --write_settings_files=off --simulation=on --functional=on --flatten_buses=off --tool=modelsim_oem --format=vhdl --output_directory="D:/5th-Semester/COA LAB/LABS/LAB4/simulation/qsim/" fourBitCounter -c fourBitCounter



