Fitter Route Stage Report for nandgate
Sat Sep  7 18:10:38 2024
Quartus Prime Version 24.2.0 Build 40 06/27/2024 SC Pro Edition


---------------------
; Table of Contents ;
---------------------
  1. Legal Notice
  2. Delay Chain Summary
  3. Routing Usage Summary
  4. Route Messages



----------------
; Legal Notice ;
----------------
Copyright (C) 2024  Intel Corporation. All rights reserved.
Your use of Intel Corporation's design tools, logic functions 
and other software and tools, and any partner logic 
functions, and any output files from any of the foregoing 
(including device programming or simulation files), and any 
associated documentation or information are expressly subject 
to the terms and conditions of the Intel Program License 
Subscription Agreement, the Intel Quartus Prime License Agreement,
the Intel FPGA IP License Agreement, or other applicable license
agreement, including, without limitation, that your use is for
the sole purpose of programming logic devices manufactured by
Intel and sold by Intel or its authorized distributors.  Please
refer to the Intel FPGA Software License Subscription Agreements 
on the Quartus Prime software download page.



+-------------------------------------------------------------------------------------------------------------------------------------------------------+
; Delay Chain Summary                                                                                                                                   ;
+------+----------+---------------------+--------------------+----------------+-----------------------------------+-------------------------------------+
; Name ; Pin Type ; Input Delay Chain 0 ; Output Delay Chain ; OE Delay Chain ; IO_12_LANE Input Data Delay Chain ; IO_12_LANE Input Strobe Delay Chain ;
+------+----------+---------------------+--------------------+----------------+-----------------------------------+-------------------------------------+
; cout ; Output   ; --                  ; 0                  ; 0              ; --                                ; --                                  ;
; A    ; Input    ; 0                   ; --                 ; --             ; --                                ; --                                  ;
; B    ; Input    ; 0                   ; --                 ; --             ; --                                ; --                                  ;
+------+----------+---------------------+--------------------+----------------+-----------------------------------+-------------------------------------+


+------------------------------------------------------+
; Routing Usage Summary                                ;
+------------------------------+-----------------------+
; Routing Resource Type        ; Usage                 ;
+------------------------------+-----------------------+
; Block interconnects          ; 3 / 664,374 ( < 1 % ) ;
; C27 interconnects            ; 0 / 12,769 ( 0 % )    ;
; C4 interconnects             ; 6 / 514,392 ( < 1 % ) ;
; Direct links                 ; 1 / 664,374 ( < 1 % ) ;
; Global clocks                ; 0 / 32 ( 0 % )        ;
; Periphery clocks             ; 0 / 410 ( 0 % )       ;
; R3 interconnects             ; 2 / 246,936 ( < 1 % ) ;
; R32 interconnects            ; 0 / 28,257 ( 0 % )    ;
; R32/C27 interconnect drivers ; 0 / 74,920 ( 0 % )    ;
; R6 interconnects             ; 0 / 527,108 ( 0 % )   ;
; Regional clock lefts         ; 0 / 8 ( 0 % )         ;
; Regional clock out bottoms   ; 0 / 8 ( 0 % )         ;
; Regional clock out tops      ; 0 / 8 ( 0 % )         ;
; Regional clock rights        ; 0 / 8 ( 0 % )         ;
; Regional clocks              ; 0 / 8 ( 0 % )         ;
; Spine buffers                ; 0 / 220 ( 0 % )       ;
; Spine clocks                 ; 0 / 330 ( 0 % )       ;
; Spine feedthroughs           ; 0 / 224 ( 0 % )       ;
+------------------------------+-----------------------+


+----------------+
; Route Messages ;
+----------------+
Info (20030): Parallel compilation is enabled and will use 8 of the 8 processors detected
Info: *******************************************************************
Info: Running Quartus Prime Fitter
    Info: Version 24.2.0 Build 40 06/27/2024 SC Pro Edition
    Info: Processing started: Sat Sep  7 18:09:53 2024
    Info: System process ID: 21884
Info: Command: quartus_fit --read_settings_files=on --write_settings_files=off nandgate -c nandgate
Info: qfit2_default_script.tcl version: #1
Info: Project  = nandgate
Info: Revision = nandgate
Info (22300): Design uses Placement Effort Multiplier = 1.0.
Info (170193): Fitter routing operations beginning
Info (170199): The Fitter performed an Auto Fit compilation.  Optimizations were skipped to reduce compilation time.
    Info (170200): Optimizations that may affect the design's timing were skipped
Info (11888): Total time spent on timing analysis during Routing is 0.01 seconds.
Info (16607): Fitter routing operations ending: elapsed time is 00:00:09


