Flow report for nandgate
Sat Sep  7 18:11:08 2024
Quartus Prime Version 24.2.0 Build 40 06/27/2024 SC Pro Edition


---------------------
; Table of Contents ;
---------------------
  1. Flow Summary
  2. Flow Settings
  3. Flow Non-Default Global Settings
  4. Flow Elapsed Time
  5. Flow OS Summary
  6. Flow Log
  7. Legal Notice



+-------------------------------------------------------------------------+
; Flow Summary                                                            ;
+-----------------------------+-------------------------------------------+
; Flow Status                 ; Successful - Sat Sep  7 18:11:07 2024     ;
; Quartus Prime Version       ; 24.2.0 Build 40 06/27/2024 SC Pro Edition ;
; Revision Name               ; nandgate                                  ;
; Top-level Entity Name       ; nandgate                                  ;
; Family                      ; Cyclone 10 GX                             ;
; Device                      ; 10CX220YF780I5G                           ;
; Timing Models               ; Final                                     ;
; Power Models                ; Final                                     ;
; Device Status               ; Final                                     ;
; Logic utilization (in ALMs) ; 1 / 80,330 ( < 1 % )                      ;
; Total registers             ; 0                                         ;
; Total pins                  ; 3 / 340 ( < 1 % )                         ;
; Total virtual pins          ; 0                                         ;
; Total block memory bits     ; 0 / 12,021,760 ( 0 % )                    ;
; Total RAM Blocks            ; 0 / 587 ( 0 % )                           ;
; Total DSP Blocks            ; 0 / 192 ( 0 % )                           ;
; Total HSSI RX channels      ; 0 / 12 ( 0 % )                            ;
; Total HSSI TX channels      ; 0 / 12 ( 0 % )                            ;
; Total PLLs                  ; 0 / 30 ( 0 % )                            ;
+-----------------------------+-------------------------------------------+


+-----------------------------------------+
; Flow Settings                           ;
+-------------------+---------------------+
; Option            ; Setting             ;
+-------------------+---------------------+
; Start date & time ; 09/07/2024 18:09:42 ;
; Main task         ; Compilation         ;
; Revision Name     ; nandgate            ;
+-------------------+---------------------+


+------------------------------------------------------------------------------------------------------+
; Flow Non-Default Global Settings                                                                     ;
+--------------------------+--------------------------------+---------------+-------------+------------+
; Assignment Name          ; Value                          ; Default Value ; Entity Name ; Section Id ;
+--------------------------+--------------------------------+---------------+-------------+------------+
; COMPILER_SIGNATURE_ID    ; 50832832008761.172571458203960 ; --            ; --          ; --         ;
; MAX_CORE_JUNCTION_TEMP   ; 100                            ; --            ; --          ; --         ;
; MIN_CORE_JUNCTION_TEMP   ; -40                            ; --            ; --          ; --         ;
; PROJECT_OUTPUT_DIRECTORY ; output_files                   ; --            ; --          ; --         ;
+--------------------------+--------------------------------+---------------+-------------+------------+


+------------------------------------------------------+
; Flow Elapsed Time                                    ;
+-----------------+--------------+---------------------+
; Module Name     ; Elapsed Time ; Peak Virtual Memory ;
+-----------------+--------------+---------------------+
; Synthesis       ; 00:00:10     ; 638 MB              ;
; Fitter          ; 00:00:52     ; 3031 MB             ;
; Timing Analyzer ; 00:00:06     ; 1622 MB             ;
; Assembler       ; 00:00:11     ; 1974 MB             ;
; Total           ; 00:01:19     ; --                  ;
+-----------------+--------------+---------------------+


+-------------------------------------------------------------------------------+
; Flow OS Summary                                                               ;
+-----------------+------------------+------------+------------+----------------+
; Module Name     ; Machine Hostname ; OS Name    ; OS Version ; Processor type ;
+-----------------+------------------+------------+------------+----------------+
; Synthesis       ; Mian             ; Windows 11 ; 10.0.22631 ; x86_64         ;
; Fitter          ; Mian             ; Windows 11 ; 10.0.22631 ; x86_64         ;
; Timing Analyzer ; Mian             ; Windows 11 ; 10.0.22631 ; x86_64         ;
; Assembler       ; Mian             ; Windows 11 ; 10.0.22631 ; x86_64         ;
+-----------------+------------------+------------+------------+----------------+


------------
; Flow Log ;
------------
quartus_syn --read_settings_files=on --write_settings_files=off nandgate -c nandgate
quartus_fit --read_settings_files=on --write_settings_files=off nandgate -c nandgate
quartus_sta nandgate -c nandgate --mode=finalize
quartus_asm --read_settings_files=on --write_settings_files=off nandgate -c nandgate



----------------
; Legal Notice ;
----------------
Copyright (C) 2024  Intel Corporation. All rights reserved.
Your use of Intel Corporation's design tools, logic functions 
and other software and tools, and any partner logic 
functions, and any output files from any of the foregoing 
(including device programming or simulation files), and any 
associated documentation or information are expressly subject 
to the terms and conditions of the Intel Program License 
Subscription Agreement, the Intel Quartus Prime License Agreement,
the Intel FPGA IP License Agreement, or other applicable license
agreement, including, without limitation, that your use is for
the sole purpose of programming logic devices manufactured by
Intel and sold by Intel or its authorized distributors.  Please
refer to the Intel FPGA Software License Subscription Agreements 
on the Quartus Prime software download page.



