Fitter Finalize Stage Report for nandgate
Sat Sep  7 18:10:44 2024
Quartus Prime Version 24.2.0 Build 40 06/27/2024 SC Pro Edition


---------------------
; Table of Contents ;
---------------------
  1. Legal Notice
  2. Fitter HSLP Summary
  3. Finalize Messages



----------------
; Legal Notice ;
----------------
Copyright (C) 2024  Intel Corporation. All rights reserved.
Your use of Intel Corporation's design tools, logic functions 
and other software and tools, and any partner logic 
functions, and any output files from any of the foregoing 
(including device programming or simulation files), and any 
associated documentation or information are expressly subject 
to the terms and conditions of the Intel Program License 
Subscription Agreement, the Intel Quartus Prime License Agreement,
the Intel FPGA IP License Agreement, or other applicable license
agreement, including, without limitation, that your use is for
the sole purpose of programming logic devices manufactured by
Intel and sold by Intel or its authorized distributors.  Please
refer to the Intel FPGA Software License Subscription Agreements 
on the Quartus Prime software download page.



+--------------------------------------------------------------------------------+
; Fitter HSLP Summary                                                            ;
+--------------------------------------------------------+---------------+-------+
; Resource                                               ; Usage         ; %     ;
+--------------------------------------------------------+---------------+-------+
;                                                        ;               ;       ;
; Programmable power technology high-speed tiles         ; 7 / 3,531     ; < 1 % ;
; Programmable power technology low-power tiles          ; 3,524 / 3,531 ; 100 % ;
;     -- low-power tiles that are used by the design     ; 0 / 3,524     ; 0 %   ;
;     -- unused tiles (low-power)                        ; 3,524 / 3,524 ; 100 % ;
;                                                        ;               ;       ;
; Programmable power technology high-speed LAB tiles     ; 7 / 2,642     ; < 1 % ;
; Programmable power technology low-power LAB tiles      ; 2,635 / 2,642 ; 100 % ;
;     -- low-power LAB tiles that are used by the design ; 0 / 2,635     ; 0 %   ;
;     -- unused LAB tiles (low-power)                    ; 2,635 / 2,635 ; 100 % ;
;                                                        ;               ;       ;
+--------------------------------------------------------+---------------+-------+


+-------------------+
; Finalize Messages ;
+-------------------+
Info (20030): Parallel compilation is enabled and will use 8 of the 8 processors detected
Info: *******************************************************************
Info: Running Quartus Prime Fitter
    Info: Version 24.2.0 Build 40 06/27/2024 SC Pro Edition
    Info: Processing started: Sat Sep  7 18:09:53 2024
    Info: System process ID: 21884
Info: Command: quartus_fit --read_settings_files=on --write_settings_files=off nandgate -c nandgate
Info: qfit2_default_script.tcl version: #1
Info: Project  = nandgate
Info: Revision = nandgate
Info (22300): Design uses Placement Effort Multiplier = 1.0.
Info (11888): Total time spent on timing analysis during Post-Routing is 0.00 seconds.
Info (16557): Fitter post-fit operations ending: elapsed time is 00:00:06


