Flow report for Sequence_Detector
Thu Oct 10 20:06:42 2024
Quartus Prime Version 23.1std.1 Build 993 05/14/2024 SC Lite Edition


---------------------
; Table of Contents ;
---------------------
  1. Legal Notice
  2. Flow Summary
  3. Flow Settings
  4. Flow Non-Default Global Settings
  5. Flow Elapsed Time
  6. Flow OS Summary
  7. Flow Log
  8. Flow Messages
  9. Flow Suppressed Messages



----------------
; Legal Notice ;
----------------
Copyright (C) 2024  Intel Corporation. All rights reserved.
Your use of Intel Corporation's design tools, logic functions 
and other software and tools, and any partner logic 
functions, and any output files from any of the foregoing 
(including device programming or simulation files), and any 
associated documentation or information are expressly subject 
to the terms and conditions of the Intel Program License 
Subscription Agreement, the Intel Quartus Prime License Agreement,
the Intel FPGA IP License Agreement, or other applicable license
agreement, including, without limitation, that your use is for
the sole purpose of programming logic devices manufactured by
Intel and sold by Intel or its authorized distributors.  Please
refer to the applicable agreement for further details, at
https://fpgasoftware.intel.com/eula.



+-------------------------------------------------------------------------------------+
; Flow Summary                                                                        ;
+------------------------------------+------------------------------------------------+
; Flow Status                        ; Successful - Thu Oct 10 20:06:42 2024          ;
; Quartus Prime Version              ; 23.1std.1 Build 993 05/14/2024 SC Lite Edition ;
; Revision Name                      ; Sequence_Detector                              ;
; Top-level Entity Name              ; Sequence_Detector                              ;
; Family                             ; Cyclone IV E                                   ;
; Device                             ; EP4CE115F29C7                                  ;
; Timing Models                      ; Final                                          ;
; Total logic elements               ; 12 / 114,480 ( < 1 % )                         ;
;     Total combinational functions  ; 12 / 114,480 ( < 1 % )                         ;
;     Dedicated logic registers      ; 6 / 114,480 ( < 1 % )                          ;
; Total registers                    ; 6                                              ;
; Total pins                         ; 3 / 529 ( < 1 % )                              ;
; Total virtual pins                 ; 0                                              ;
; Total memory bits                  ; 0 / 3,981,312 ( 0 % )                          ;
; Embedded Multiplier 9-bit elements ; 0 / 532 ( 0 % )                                ;
; Total PLLs                         ; 0 / 4 ( 0 % )                                  ;
+------------------------------------+------------------------------------------------+


+-----------------------------------------+
; Flow Settings                           ;
+-------------------+---------------------+
; Option            ; Setting             ;
+-------------------+---------------------+
; Start date & time ; 10/10/2024 19:55:49 ;
; Main task         ; Compilation         ;
; Revision Name     ; Sequence_Detector   ;
+-------------------+---------------------+


+------------------------------------------------------------------------------------------------------------------------------------------------+
; Flow Non-Default Global Settings                                                                                                               ;
+-------------------------------------+----------------------------------------+---------------+-------------+-----------------------------------+
; Assignment Name                     ; Value                                  ; Default Value ; Entity Name ; Section Id                        ;
+-------------------------------------+----------------------------------------+---------------+-------------+-----------------------------------+
; COMPILER_SIGNATURE_ID               ; 246788416022580.172857214803212        ; --            ; --          ; --                                ;
; EDA_GENERATE_FUNCTIONAL_NETLIST     ; Off                                    ; --            ; --          ; eda_board_design_timing           ;
; EDA_GENERATE_FUNCTIONAL_NETLIST     ; Off                                    ; --            ; --          ; eda_board_design_boundary_scan    ;
; EDA_GENERATE_FUNCTIONAL_NETLIST     ; Off                                    ; --            ; --          ; eda_board_design_signal_integrity ;
; EDA_GENERATE_FUNCTIONAL_NETLIST     ; Off                                    ; --            ; --          ; eda_board_design_symbol           ;
; EDA_OUTPUT_DATA_FORMAT              ; Verilog Hdl                            ; --            ; --          ; eda_simulation                    ;
; EDA_SIMULATION_TOOL                 ; Questa Intel FPGA (Verilog)            ; <None>        ; --          ; --                                ;
; EDA_TIME_SCALE                      ; 1 ps                                   ; --            ; --          ; eda_simulation                    ;
; MAX_CORE_JUNCTION_TEMP              ; 85                                     ; --            ; --          ; --                                ;
; MIN_CORE_JUNCTION_TEMP              ; 0                                      ; --            ; --          ; --                                ;
; NOMINAL_CORE_SUPPLY_VOLTAGE         ; 1.2V                                   ; --            ; --          ; --                                ;
; PARTITION_COLOR                     ; -- (Not supported for targeted family) ; --            ; --          ; Top                               ;
; PARTITION_FITTER_PRESERVATION_LEVEL ; -- (Not supported for targeted family) ; --            ; --          ; Top                               ;
; PARTITION_NETLIST_TYPE              ; -- (Not supported for targeted family) ; --            ; --          ; Top                               ;
; PROJECT_OUTPUT_DIRECTORY            ; output_files                           ; --            ; --          ; --                                ;
+-------------------------------------+----------------------------------------+---------------+-------------+-----------------------------------+


+--------------------------------------------------------------------------------------------------------------------------+
; Flow Elapsed Time                                                                                                        ;
+----------------------+--------------+-------------------------+---------------------+------------------------------------+
; Module Name          ; Elapsed Time ; Average Processors Used ; Peak Virtual Memory ; Total CPU Time (on all processors) ;
+----------------------+--------------+-------------------------+---------------------+------------------------------------+
; Analysis & Synthesis ; 00:00:07     ; 1.0                     ; 4849 MB             ; 00:00:03                           ;
; Fitter               ; 00:00:07     ; 1.0                     ; 6005 MB             ; 00:00:05                           ;
; Assembler            ; 00:00:02     ; 1.0                     ; 4699 MB             ; 00:00:01                           ;
; Timing Analyzer      ; 00:00:01     ; 1.0                     ; 4877 MB             ; 00:00:00                           ;
; EDA Netlist Writer   ; 00:00:00     ; 1.0                     ; 4652 MB             ; 00:00:00                           ;
; EDA Netlist Writer   ; 00:00:00     ; 1.0                     ; 4642 MB             ; 00:00:00                           ;
; EDA Netlist Writer   ; 00:00:00     ; 1.0                     ; 4642 MB             ; 00:00:00                           ;
; EDA Netlist Writer   ; 00:00:00     ; 1.0                     ; 4642 MB             ; 00:00:00                           ;
; EDA Netlist Writer   ; 00:00:01     ; 1.0                     ; 4642 MB             ; 00:00:00                           ;
; EDA Netlist Writer   ; 00:00:00     ; 1.0                     ; 4642 MB             ; 00:00:00                           ;
; EDA Netlist Writer   ; 00:00:01     ; 1.0                     ; 4642 MB             ; 00:00:00                           ;
; EDA Netlist Writer   ; 00:00:00     ; 1.0                     ; 4642 MB             ; 00:00:00                           ;
; EDA Netlist Writer   ; 00:00:01     ; 1.0                     ; 4643 MB             ; 00:00:00                           ;
; EDA Netlist Writer   ; 00:00:00     ; 1.0                     ; 4642 MB             ; 00:00:00                           ;
; EDA Netlist Writer   ; 00:00:01     ; 1.0                     ; 4643 MB             ; 00:00:00                           ;
; Total                ; 00:00:21     ; --                      ; --                  ; 00:00:09                           ;
+----------------------+--------------+-------------------------+---------------------+------------------------------------+


+------------------------------------------------------------------------------------+
; Flow OS Summary                                                                    ;
+----------------------+------------------+------------+------------+----------------+
; Module Name          ; Machine Hostname ; OS Name    ; OS Version ; Processor type ;
+----------------------+------------------+------------+------------+----------------+
; Analysis & Synthesis ; Mian             ; Windows 10 ; 10.0       ; x86_64         ;
; Fitter               ; Mian             ; Windows 10 ; 10.0       ; x86_64         ;
; Assembler            ; Mian             ; Windows 10 ; 10.0       ; x86_64         ;
; Timing Analyzer      ; Mian             ; Windows 10 ; 10.0       ; x86_64         ;
; EDA Netlist Writer   ; Mian             ; Windows 10 ; 10.0       ; x86_64         ;
; EDA Netlist Writer   ; Mian             ; Windows 10 ; 10.0       ; x86_64         ;
; EDA Netlist Writer   ; Mian             ; Windows 10 ; 10.0       ; x86_64         ;
; EDA Netlist Writer   ; Mian             ; Windows 10 ; 10.0       ; x86_64         ;
; EDA Netlist Writer   ; Mian             ; Windows 10 ; 10.0       ; x86_64         ;
; EDA Netlist Writer   ; Mian             ; Windows 10 ; 10.0       ; x86_64         ;
; EDA Netlist Writer   ; Mian             ; Windows 10 ; 10.0       ; x86_64         ;
; EDA Netlist Writer   ; Mian             ; Windows 10 ; 10.0       ; x86_64         ;
; EDA Netlist Writer   ; Mian             ; Windows 10 ; 10.0       ; x86_64         ;
; EDA Netlist Writer   ; Mian             ; Windows 10 ; 10.0       ; x86_64         ;
; EDA Netlist Writer   ; Mian             ; Windows 10 ; 10.0       ; x86_64         ;
+----------------------+------------------+------------+------------+----------------+


------------
; Flow Log ;
------------
quartus_map --read_settings_files=on --write_settings_files=off Sequence_Detector -c Sequence_Detector
quartus_fit --read_settings_files=off --write_settings_files=off Sequence_Detector -c Sequence_Detector
quartus_asm --read_settings_files=off --write_settings_files=off Sequence_Detector -c Sequence_Detector
quartus_sta Sequence_Detector -c Sequence_Detector
quartus_eda --read_settings_files=off --write_settings_files=off Sequence_Detector -c Sequence_Detector
quartus_eda --gen_testbench --tool=modelsim_oem --format=vhdl --write_settings_files=off Sequence_Detector -c Sequence_Detector --vector_source="D:/5th-Semester/COA LAB/LABS/LAB5/SQ_Detector/Waveform2.vwf" --testbench_file="D:/5th-Semester/COA LAB/LABS/LAB5/SQ_Detector/simulation/qsim/Waveform2.vwf.vht"
quartus_eda --gen_testbench --tool=modelsim_oem --format=vhdl --write_settings_files=off Sequence_Detector -c Sequence_Detector --vector_source="D:/5th-Semester/COA LAB/LABS/LAB5/SQ_Detector/Waveform2.vwf" --testbench_file="D:/5th-Semester/COA LAB/LABS/LAB5/SQ_Detector/simulation/qsim/Waveform2.vwf.vht"
quartus_eda --gen_testbench --tool=modelsim_oem --format=vhdl --write_settings_files=off Sequence_Detector -c Sequence_Detector --vector_source="D:/5th-Semester/COA LAB/LABS/LAB5/SQ_Detector/Waveform2.vwf" --testbench_file="D:/5th-Semester/COA LAB/LABS/LAB5/SQ_Detector/simulation/qsim/Waveform2.vwf.vht"
quartus_eda --gen_testbench --tool=modelsim_oem --format=vhdl --write_settings_files=off Sequence_Detector -c Sequence_Detector --vector_source="D:/5th-Semester/COA LAB/LABS/LAB5/SQ_Detector/Waveform2.vwf" --testbench_file="D:/5th-Semester/COA LAB/LABS/LAB5/SQ_Detector/simulation/qsim/Waveform2.vwf.vht"
quartus_eda --gen_testbench --tool=modelsim_oem --format=vhdl --write_settings_files=off Sequence_Detector -c Sequence_Detector --vector_source="D:/5th-Semester/COA LAB/LABS/LAB5/SQ_Detector/Waveform2.vwf" --testbench_file="D:/5th-Semester/COA LAB/LABS/LAB5/SQ_Detector/simulation/qsim/Waveform2.vwf.vht"
quartus_eda --gen_testbench --tool=modelsim_oem --format=vhdl --write_settings_files=off Sequence_Detector -c Sequence_Detector --vector_source="D:/5th-Semester/COA LAB/LABS/LAB5/SQ_Detector/Waveform2.vwf" --testbench_file="D:/5th-Semester/COA LAB/LABS/LAB5/SQ_Detector/simulation/qsim/Waveform2.vwf.vht"
quartus_eda --gen_testbench --tool=modelsim_oem --format=vhdl --write_settings_files=off Sequence_Detector -c Sequence_Detector --vector_source="D:/5th-Semester/COA LAB/LABS/LAB5/SQ_Detector/Waveform.vwf" --testbench_file="D:/5th-Semester/COA LAB/LABS/LAB5/SQ_Detector/simulation/qsim/Waveform.vwf.vht"
quartus_eda --write_settings_files=off --simulation=on --functional=on --flatten_buses=off --tool=modelsim_oem --format=vhdl --output_directory="D:/5th-Semester/COA LAB/LABS/LAB5/SQ_Detector/simulation/qsim/" Sequence_Detector -c Sequence_Detector
quartus_eda --gen_testbench --tool=modelsim_oem --format=vhdl --write_settings_files=off Sequence_Detector -c Sequence_Detector --vector_source="D:/5th-Semester/COA LAB/LABS/LAB5/SQ_Detector/Waveform.vwf" --testbench_file="D:/5th-Semester/COA LAB/LABS/LAB5/SQ_Detector/simulation/qsim/Waveform.vwf.vht"
quartus_eda --write_settings_files=off --simulation=on --functional=on --flatten_buses=off --tool=modelsim_oem --format=vhdl --output_directory="D:/5th-Semester/COA LAB/LABS/LAB5/SQ_Detector/simulation/qsim/" Sequence_Detector -c Sequence_Detector



