Analysis & Synthesis report for InstructionDecode
Tue Nov 12 11:31:40 2024
Quartus Prime Version 23.1std.1 Build 993 05/14/2024 SC Lite Edition


---------------------
; Table of Contents ;
---------------------
  1. Legal Notice
  2. Analysis & Synthesis Summary
  3. Analysis & Synthesis Settings
  4. Parallel Compilation
  5. Analysis & Synthesis Source Files Read
  6. Analysis & Synthesis Resource Usage Summary
  7. Analysis & Synthesis Resource Utilization by Entity
  8. General Register Statistics
  9. Multiplexer Restructuring Statistics (Restructuring Performed)
 10. Port Connectivity Checks: "InstructionDecode:d1"
 11. Port Connectivity Checks: "InstructionFetch:f1|fetch:f1"
 12. Post-Synthesis Netlist Statistics for Top Partition
 13. Elapsed Time Per Partition
 14. Analysis & Synthesis Messages



----------------
; Legal Notice ;
----------------
Copyright (C) 2024  Intel Corporation. All rights reserved.
Your use of Intel Corporation's design tools, logic functions 
and other software and tools, and any partner logic 
functions, and any output files from any of the foregoing 
(including device programming or simulation files), and any 
associated documentation or information are expressly subject 
to the terms and conditions of the Intel Program License 
Subscription Agreement, the Intel Quartus Prime License Agreement,
the Intel FPGA IP License Agreement, or other applicable license
agreement, including, without limitation, that your use is for
the sole purpose of programming logic devices manufactured by
Intel and sold by Intel or its authorized distributors.  Please
refer to the applicable agreement for further details, at
https://fpgasoftware.intel.com/eula.



+-------------------------------------------------------------------------------------+
; Analysis & Synthesis Summary                                                        ;
+------------------------------------+------------------------------------------------+
; Analysis & Synthesis Status        ; Successful - Tue Nov 12 11:31:40 2024          ;
; Quartus Prime Version              ; 23.1std.1 Build 993 05/14/2024 SC Lite Edition ;
; Revision Name                      ; InstructionDecode                              ;
; Top-level Entity Name              ; mydecode                                       ;
; Family                             ; Cyclone IV E                                   ;
; Total logic elements               ; 0                                              ;
;     Total combinational functions  ; 0                                              ;
;     Dedicated logic registers      ; 0                                              ;
; Total registers                    ; 0                                              ;
; Total pins                         ; 60                                             ;
; Total virtual pins                 ; 0                                              ;
; Total memory bits                  ; 0                                              ;
; Embedded Multiplier 9-bit elements ; 0                                              ;
; Total PLLs                         ; 0                                              ;
+------------------------------------+------------------------------------------------+


+------------------------------------------------------------------------------------------------------------+
; Analysis & Synthesis Settings                                                                              ;
+------------------------------------------------------------------+--------------------+--------------------+
; Option                                                           ; Setting            ; Default Value      ;
+------------------------------------------------------------------+--------------------+--------------------+
; Device                                                           ; EP4CE115F29C7      ;                    ;
; Top-level entity name                                            ; mydecode           ; InstructionDecode  ;
; Family name                                                      ; Cyclone IV E       ; Cyclone V          ;
; Use smart compilation                                            ; Off                ; Off                ;
; Enable parallel Assembler and Timing Analyzer during compilation ; On                 ; On                 ;
; Enable compact report table                                      ; Off                ; Off                ;
; Restructure Multiplexers                                         ; Auto               ; Auto               ;
; Create Debugging Nodes for IP Cores                              ; Off                ; Off                ;
; Preserve fewer node names                                        ; On                 ; On                 ;
; Intel FPGA IP Evaluation Mode                                    ; Enable             ; Enable             ;
; Verilog Version                                                  ; Verilog_2001       ; Verilog_2001       ;
; VHDL Version                                                     ; VHDL_1993          ; VHDL_1993          ;
; State Machine Processing                                         ; Auto               ; Auto               ;
; Safe State Machine                                               ; Off                ; Off                ;
; Extract Verilog State Machines                                   ; On                 ; On                 ;
; Extract VHDL State Machines                                      ; On                 ; On                 ;
; Ignore Verilog initial constructs                                ; Off                ; Off                ;
; Iteration limit for constant Verilog loops                       ; 5000               ; 5000               ;
; Iteration limit for non-constant Verilog loops                   ; 250                ; 250                ;
; Add Pass-Through Logic to Inferred RAMs                          ; On                 ; On                 ;
; Infer RAMs from Raw Logic                                        ; On                 ; On                 ;
; Parallel Synthesis                                               ; On                 ; On                 ;
; DSP Block Balancing                                              ; Auto               ; Auto               ;
; NOT Gate Push-Back                                               ; On                 ; On                 ;
; Power-Up Don't Care                                              ; On                 ; On                 ;
; Remove Redundant Logic Cells                                     ; Off                ; Off                ;
; Remove Duplicate Registers                                       ; On                 ; On                 ;
; Ignore CARRY Buffers                                             ; Off                ; Off                ;
; Ignore CASCADE Buffers                                           ; Off                ; Off                ;
; Ignore GLOBAL Buffers                                            ; Off                ; Off                ;
; Ignore ROW GLOBAL Buffers                                        ; Off                ; Off                ;
; Ignore LCELL Buffers                                             ; Off                ; Off                ;
; Ignore SOFT Buffers                                              ; On                 ; On                 ;
; Limit AHDL Integers to 32 Bits                                   ; Off                ; Off                ;
; Optimization Technique                                           ; Balanced           ; Balanced           ;
; Carry Chain Length                                               ; 70                 ; 70                 ;
; Auto Carry Chains                                                ; On                 ; On                 ;
; Auto Open-Drain Pins                                             ; On                 ; On                 ;
; Perform WYSIWYG Primitive Resynthesis                            ; Off                ; Off                ;
; Auto ROM Replacement                                             ; On                 ; On                 ;
; Auto RAM Replacement                                             ; On                 ; On                 ;
; Auto DSP Block Replacement                                       ; On                 ; On                 ;
; Auto Shift Register Replacement                                  ; Auto               ; Auto               ;
; Allow Shift Register Merging across Hierarchies                  ; Auto               ; Auto               ;
; Auto Clock Enable Replacement                                    ; On                 ; On                 ;
; Strict RAM Replacement                                           ; Off                ; Off                ;
; Allow Synchronous Control Signals                                ; On                 ; On                 ;
; Force Use of Synchronous Clear Signals                           ; Off                ; Off                ;
; Auto RAM Block Balancing                                         ; On                 ; On                 ;
; Auto RAM to Logic Cell Conversion                                ; Off                ; Off                ;
; Auto Resource Sharing                                            ; Off                ; Off                ;
; Allow Any RAM Size For Recognition                               ; Off                ; Off                ;
; Allow Any ROM Size For Recognition                               ; Off                ; Off                ;
; Allow Any Shift Register Size For Recognition                    ; Off                ; Off                ;
; Use LogicLock Constraints during Resource Balancing              ; On                 ; On                 ;
; Ignore translate_off and synthesis_off directives                ; Off                ; Off                ;
; Timing-Driven Synthesis                                          ; On                 ; On                 ;
; Report Parameter Settings                                        ; On                 ; On                 ;
; Report Source Assignments                                        ; On                 ; On                 ;
; Report Connectivity Checks                                       ; On                 ; On                 ;
; Ignore Maximum Fan-Out Assignments                               ; Off                ; Off                ;
; Synchronization Register Chain Length                            ; 2                  ; 2                  ;
; Power Optimization During Synthesis                              ; Normal compilation ; Normal compilation ;
; HDL message level                                                ; Level2             ; Level2             ;
; Suppress Register Optimization Related Messages                  ; Off                ; Off                ;
; Number of Removed Registers Reported in Synthesis Report         ; 5000               ; 5000               ;
; Number of Swept Nodes Reported in Synthesis Report               ; 5000               ; 5000               ;
; Number of Inverted Registers Reported in Synthesis Report        ; 100                ; 100                ;
; Clock MUX Protection                                             ; On                 ; On                 ;
; Auto Gated Clock Conversion                                      ; Off                ; Off                ;
; Block Design Naming                                              ; Auto               ; Auto               ;
; SDC constraint protection                                        ; Off                ; Off                ;
; Synthesis Effort                                                 ; Auto               ; Auto               ;
; Shift Register Replacement - Allow Asynchronous Clear Signal     ; On                 ; On                 ;
; Pre-Mapping Resynthesis Optimization                             ; Off                ; Off                ;
; Analysis & Synthesis Message Level                               ; Medium             ; Medium             ;
; Disable Register Merging Across Hierarchies                      ; Auto               ; Auto               ;
; Resource Aware Inference For Block RAM                           ; On                 ; On                 ;
+------------------------------------------------------------------+--------------------+--------------------+


+------------------------------------------+
; Parallel Compilation                     ;
+----------------------------+-------------+
; Processors                 ; Number      ;
+----------------------------+-------------+
; Number detected on machine ; 12          ;
; Maximum allowed            ; 8           ;
;                            ;             ;
; Average used               ; 1.00        ;
; Maximum used               ; 1           ;
;                            ;             ;
; Usage by Processor         ; % Time Used ;
;     Processor 1            ; 100.0%      ;
+----------------------------+-------------+


+------------------------------------------------------------------------------------------------------------------------------------------+
; Analysis & Synthesis Source Files Read                                                                                                   ;
+----------------------------------+-----------------+-----------------+---------------------------------------------------------+---------+
; File Name with User-Entered Path ; Used in Netlist ; File Type       ; File Name with Absolute Path                            ; Library ;
+----------------------------------+-----------------+-----------------+---------------------------------------------------------+---------+
; InstructionFetch.vhd             ; yes             ; User VHDL File  ; D:/5th-Semester/COA LAB/LABS/LAB8/InstructionFetch.vhd  ;         ;
; Mypackage.vhd                    ; yes             ; User VHDL File  ; D:/5th-Semester/COA LAB/LABS/LAB8/Mypackage.vhd         ;         ;
; sevenSegement.vhd                ; yes             ; User VHDL File  ; D:/5th-Semester/COA LAB/LABS/LAB8/sevenSegement.vhd     ;         ;
; fetch.vhd                        ; yes             ; User VHDL File  ; D:/5th-Semester/COA LAB/LABS/LAB8/fetch.vhd             ;         ;
; InstructionDecode.vhd            ; yes             ; User VHDL File  ; D:/5th-Semester/COA LAB/LABS/LAB8/InstructionDecode.vhd ;         ;
; mydecode.vhd                     ; yes             ; User VHDL File  ; D:/5th-Semester/COA LAB/LABS/LAB8/mydecode.vhd          ;         ;
+----------------------------------+-----------------+-----------------+---------------------------------------------------------+---------+


+------------------------------------------------------------------------+
; Analysis & Synthesis Resource Usage Summary                            ;
+---------------------------------------------+--------------------------+
; Resource                                    ; Usage                    ;
+---------------------------------------------+--------------------------+
;                                             ;                          ;
; Total combinational functions               ; 0                        ;
; Logic element usage by number of LUT inputs ;                          ;
;     -- 4 input functions                    ; 0                        ;
;     -- 3 input functions                    ; 0                        ;
;     -- <=2 input functions                  ; 0                        ;
;                                             ;                          ;
; Logic elements by mode                      ;                          ;
;     -- normal mode                          ; 0                        ;
;     -- arithmetic mode                      ; 0                        ;
;                                             ;                          ;
; Total registers                             ; 0                        ;
;     -- Dedicated logic registers            ; 0                        ;
;     -- I/O registers                        ; 0                        ;
;                                             ;                          ;
; I/O pins                                    ; 60                       ;
;                                             ;                          ;
; Embedded Multiplier 9-bit elements          ; 0                        ;
;                                             ;                          ;
; Maximum fan-out node                        ; SevenSegement0[0]~output ;
; Maximum fan-out                             ; 1                        ;
; Total fan-out                               ; 60                       ;
; Average fan-out                             ; 0.50                     ;
+---------------------------------------------+--------------------------+


+----------------------------------------------------------------------------------------------------------------------------------------------------------------------------------------------------------+
; Analysis & Synthesis Resource Utilization by Entity                                                                                                                                                      ;
+----------------------------+---------------------+---------------------------+-------------+--------------+---------+-----------+------+--------------+---------------------+-------------+--------------+
; Compilation Hierarchy Node ; Combinational ALUTs ; Dedicated Logic Registers ; Memory Bits ; DSP Elements ; DSP 9x9 ; DSP 18x18 ; Pins ; Virtual Pins ; Full Hierarchy Name ; Entity Name ; Library Name ;
+----------------------------+---------------------+---------------------------+-------------+--------------+---------+-----------+------+--------------+---------------------+-------------+--------------+
; |mydecode                  ; 0 (0)               ; 0 (0)                     ; 0           ; 0            ; 0       ; 0         ; 60   ; 0            ; |mydecode           ; mydecode    ; work         ;
+----------------------------+---------------------+---------------------------+-------------+--------------+---------+-----------+------+--------------+---------------------+-------------+--------------+
Note: For table entries with two numbers listed, the numbers in parentheses indicate the number of resources of the given type used by the specific entity alone. The numbers listed outside of parentheses indicate the total resources of the given type used by the specific entity and all of its sub-entities in the hierarchy.


+------------------------------------------------------+
; General Register Statistics                          ;
+----------------------------------------------+-------+
; Statistic                                    ; Value ;
+----------------------------------------------+-------+
; Total registers                              ; 0     ;
; Number of registers using Synchronous Clear  ; 0     ;
; Number of registers using Synchronous Load   ; 0     ;
; Number of registers using Asynchronous Clear ; 0     ;
; Number of registers using Asynchronous Load  ; 0     ;
; Number of registers using Clock Enable       ; 0     ;
; Number of registers using Preset             ; 0     ;
+----------------------------------------------+-------+


+------------------------------------------------------------------------------------------------------------------------------------------------------+
; Multiplexer Restructuring Statistics (Restructuring Performed)                                                                                       ;
+--------------------+-----------+---------------+----------------------+------------------------+------------+----------------------------------------+
; Multiplexer Inputs ; Bus Width ; Baseline Area ; Area if Restructured ; Saving if Restructured ; Registered ; Example Multiplexer Output             ;
+--------------------+-----------+---------------+----------------------+------------------------+------------+----------------------------------------+
; 13:1               ; 4 bits    ; 32 LEs        ; 32 LEs               ; 0 LEs                  ; No         ; |mydecode|sevenSegement:u0|cathodes[1] ;
; 13:1               ; 4 bits    ; 32 LEs        ; 32 LEs               ; 0 LEs                  ; No         ; |mydecode|sevenSegement:u1|cathodes[5] ;
; 13:1               ; 4 bits    ; 32 LEs        ; 32 LEs               ; 0 LEs                  ; No         ; |mydecode|sevenSegement:u2|cathodes[5] ;
; 13:1               ; 4 bits    ; 32 LEs        ; 32 LEs               ; 0 LEs                  ; No         ; |mydecode|sevenSegement:u3|cathodes[1] ;
; 13:1               ; 4 bits    ; 32 LEs        ; 32 LEs               ; 0 LEs                  ; No         ; |mydecode|sevenSegement:u4|cathodes[0] ;
; 13:1               ; 4 bits    ; 32 LEs        ; 32 LEs               ; 0 LEs                  ; No         ; |mydecode|sevenSegement:u5|cathodes[5] ;
; 13:1               ; 4 bits    ; 32 LEs        ; 32 LEs               ; 0 LEs                  ; No         ; |mydecode|sevenSegement:u6|cathodes[5] ;
; 13:1               ; 4 bits    ; 32 LEs        ; 32 LEs               ; 0 LEs                  ; No         ; |mydecode|sevenSegement:u7|cathodes[0] ;
; 14:1               ; 2 bits    ; 18 LEs        ; 18 LEs               ; 0 LEs                  ; No         ; |mydecode|sevenSegement:u0|cathodes[6] ;
; 14:1               ; 2 bits    ; 18 LEs        ; 18 LEs               ; 0 LEs                  ; No         ; |mydecode|sevenSegement:u1|cathodes[4] ;
; 14:1               ; 2 bits    ; 18 LEs        ; 18 LEs               ; 0 LEs                  ; No         ; |mydecode|sevenSegement:u2|cathodes[6] ;
; 14:1               ; 2 bits    ; 18 LEs        ; 18 LEs               ; 0 LEs                  ; No         ; |mydecode|sevenSegement:u3|cathodes[6] ;
; 14:1               ; 2 bits    ; 18 LEs        ; 18 LEs               ; 0 LEs                  ; No         ; |mydecode|sevenSegement:u4|cathodes[6] ;
; 14:1               ; 2 bits    ; 18 LEs        ; 18 LEs               ; 0 LEs                  ; No         ; |mydecode|sevenSegement:u5|cathodes[6] ;
; 14:1               ; 2 bits    ; 18 LEs        ; 18 LEs               ; 0 LEs                  ; No         ; |mydecode|sevenSegement:u6|cathodes[6] ;
; 14:1               ; 2 bits    ; 18 LEs        ; 18 LEs               ; 0 LEs                  ; No         ; |mydecode|sevenSegement:u7|cathodes[6] ;
+--------------------+-----------+---------------+----------------------+------------------------+------------+----------------------------------------+


+---------------------------------------------------------------------------------------------------------------------+
; Port Connectivity Checks: "InstructionDecode:d1"                                                                    ;
+-----------+--------+----------+-------------------------------------------------------------------------------------+
; Port      ; Type   ; Severity ; Details                                                                             ;
+-----------+--------+----------+-------------------------------------------------------------------------------------+
; rs        ; Output ; Info     ; Connected to dangling logic. Logic that only feeds a dangling port will be removed. ;
; rt        ; Output ; Info     ; Connected to dangling logic. Logic that only feeds a dangling port will be removed. ;
; rd        ; Output ; Info     ; Connected to dangling logic. Logic that only feeds a dangling port will be removed. ;
; immediate ; Output ; Info     ; Connected to dangling logic. Logic that only feeds a dangling port will be removed. ;
; jump_addr ; Output ; Info     ; Connected to dangling logic. Logic that only feeds a dangling port will be removed. ;
+-----------+--------+----------+-------------------------------------------------------------------------------------+


+------------------------------------------------------------------------------------------------------------------------------+
; Port Connectivity Checks: "InstructionFetch:f1|fetch:f1"                                                                     ;
+--------------------+--------+----------+-------------------------------------------------------------------------------------+
; Port               ; Type   ; Severity ; Details                                                                             ;
+--------------------+--------+----------+-------------------------------------------------------------------------------------+
; pc_out             ; Output ; Info     ; Connected to dangling logic. Logic that only feeds a dangling port will be removed. ;
; branch_addr[1..0]  ; Input  ; Info     ; Stuck at VCC                                                                        ;
; branch_addr[31..2] ; Input  ; Info     ; Stuck at GND                                                                        ;
; jump_addr[31..4]   ; Input  ; Info     ; Stuck at GND                                                                        ;
; jump_addr[2..1]    ; Input  ; Info     ; Stuck at GND                                                                        ;
; jump_addr[3]       ; Input  ; Info     ; Stuck at VCC                                                                        ;
; jump_addr[0]       ; Input  ; Info     ; Stuck at VCC                                                                        ;
+--------------------+--------+----------+-------------------------------------------------------------------------------------+


+-----------------------------------------------------+
; Post-Synthesis Netlist Statistics for Top Partition ;
+-----------------------+-----------------------------+
; Type                  ; Count                       ;
+-----------------------+-----------------------------+
; boundary_port         ; 60                          ;
; cycloneiii_lcell_comb ; 1                           ;
;     normal            ; 1                           ;
;         0 data inputs ; 1                           ;
;                       ;                             ;
; Max LUT depth         ; 0.00                        ;
; Average LUT depth     ; 0.00                        ;
+-----------------------+-----------------------------+


+-------------------------------+
; Elapsed Time Per Partition    ;
+----------------+--------------+
; Partition Name ; Elapsed Time ;
+----------------+--------------+
; Top            ; 00:00:00     ;
+----------------+--------------+


+-------------------------------+
; Analysis & Synthesis Messages ;
+-------------------------------+
Info: *******************************************************************
Info: Running Quartus Prime Analysis & Synthesis
    Info: Version 23.1std.1 Build 993 05/14/2024 SC Lite Edition
    Info: Processing started: Tue Nov 12 11:31:34 2024
Info: Command: quartus_map --read_settings_files=on --write_settings_files=off InstructionDecode -c InstructionDecode
Warning (18236): Number of processors has not been specified which may cause overloading on shared machines.  Set the global assignment NUM_PARALLEL_PROCESSORS in your QSF to an appropriate value for best performance.
Info (20030): Parallel compilation is enabled and will use 8 of the 8 processors detected
Info (12021): Found 2 design units, including 1 entities, in source file instructionfetch.vhd
    Info (12022): Found design unit 1: InstructionFetch-bhv File: D:/5th-Semester/COA LAB/LABS/LAB8/InstructionFetch.vhd Line: 17
    Info (12023): Found entity 1: InstructionFetch File: D:/5th-Semester/COA LAB/LABS/LAB8/InstructionFetch.vhd Line: 9
Info (12021): Found 1 design units, including 0 entities, in source file mypackage.vhd
    Info (12022): Found design unit 1: MyPackage File: D:/5th-Semester/COA LAB/LABS/LAB8/Mypackage.vhd Line: 4
Info (12021): Found 2 design units, including 1 entities, in source file sevensegement.vhd
    Info (12022): Found design unit 1: sevenSegement-Behavioural File: D:/5th-Semester/COA LAB/LABS/LAB8/sevenSegement.vhd Line: 11
    Info (12023): Found entity 1: sevenSegement File: D:/5th-Semester/COA LAB/LABS/LAB8/sevenSegement.vhd Line: 4
Info (12021): Found 2 design units, including 1 entities, in source file fetch.vhd
    Info (12022): Found design unit 1: fetch-bhv File: D:/5th-Semester/COA LAB/LABS/LAB8/fetch.vhd Line: 23
    Info (12023): Found entity 1: fetch File: D:/5th-Semester/COA LAB/LABS/LAB8/fetch.vhd Line: 9
Info (12021): Found 2 design units, including 1 entities, in source file instructiondecode.vhd
    Info (12022): Found design unit 1: InstructionDecode-Behavioral File: D:/5th-Semester/COA LAB/LABS/LAB8/InstructionDecode.vhd Line: 20
    Info (12023): Found entity 1: InstructionDecode File: D:/5th-Semester/COA LAB/LABS/LAB8/InstructionDecode.vhd Line: 6
Info (12021): Found 2 design units, including 1 entities, in source file mydecode.vhd
    Info (12022): Found design unit 1: mydecode-bhv File: D:/5th-Semester/COA LAB/LABS/LAB8/mydecode.vhd Line: 18
    Info (12023): Found entity 1: mydecode File: D:/5th-Semester/COA LAB/LABS/LAB8/mydecode.vhd Line: 9
Info (12127): Elaborating entity "mydecode" for the top level hierarchy
Warning (10541): VHDL Signal Declaration warning at mydecode.vhd(19): used implicit default value for signal "sevenSegementWire" because signal was never assigned a value or an explicit default value. Use of implicit default value may introduce unintended design optimizations. File: D:/5th-Semester/COA LAB/LABS/LAB8/mydecode.vhd Line: 19
Warning (10036): Verilog HDL or VHDL warning at mydecode.vhd(19): object "rsWire" assigned a value but never read File: D:/5th-Semester/COA LAB/LABS/LAB8/mydecode.vhd Line: 19
Warning (10036): Verilog HDL or VHDL warning at mydecode.vhd(19): object "rtWire" assigned a value but never read File: D:/5th-Semester/COA LAB/LABS/LAB8/mydecode.vhd Line: 19
Warning (10036): Verilog HDL or VHDL warning at mydecode.vhd(19): object "rdWire" assigned a value but never read File: D:/5th-Semester/COA LAB/LABS/LAB8/mydecode.vhd Line: 19
Warning (10036): Verilog HDL or VHDL warning at mydecode.vhd(19): object "immediateWire" assigned a value but never read File: D:/5th-Semester/COA LAB/LABS/LAB8/mydecode.vhd Line: 19
Warning (10036): Verilog HDL or VHDL warning at mydecode.vhd(19): object "jump_addrWire" assigned a value but never read File: D:/5th-Semester/COA LAB/LABS/LAB8/mydecode.vhd Line: 19
Info (12128): Elaborating entity "InstructionFetch" for hierarchy "InstructionFetch:f1" File: D:/5th-Semester/COA LAB/LABS/LAB8/mydecode.vhd Line: 24
Warning (10036): Verilog HDL or VHDL warning at InstructionFetch.vhd(18): object "top_pcout" assigned a value but never read File: D:/5th-Semester/COA LAB/LABS/LAB8/InstructionFetch.vhd Line: 18
Info (12128): Elaborating entity "fetch" for hierarchy "InstructionFetch:f1|fetch:f1" File: D:/5th-Semester/COA LAB/LABS/LAB8/InstructionFetch.vhd Line: 23
Info (12128): Elaborating entity "InstructionDecode" for hierarchy "InstructionDecode:d1" File: D:/5th-Semester/COA LAB/LABS/LAB8/mydecode.vhd Line: 32
Warning (10542): VHDL Variable Declaration warning at InstructionDecode.vhd(26): used initial value expression for variable "reg_File" because variable was never assigned a value File: D:/5th-Semester/COA LAB/LABS/LAB8/InstructionDecode.vhd Line: 26
Warning (10492): VHDL Process Statement warning at InstructionDecode.vhd(52): signal "reset" is read inside the Process Statement but isn't in the Process Statement's sensitivity list File: D:/5th-Semester/COA LAB/LABS/LAB8/InstructionDecode.vhd Line: 52
Info (12128): Elaborating entity "sevenSegement" for hierarchy "sevenSegement:u7" File: D:/5th-Semester/COA LAB/LABS/LAB8/mydecode.vhd Line: 47
Warning (13024): Output pins are stuck at VCC or GND
    Warning (13410): Pin "SevenSegement0[0]" is stuck at VCC File: D:/5th-Semester/COA LAB/LABS/LAB8/mydecode.vhd Line: 11
    Warning (13410): Pin "SevenSegement0[1]" is stuck at VCC File: D:/5th-Semester/COA LAB/LABS/LAB8/mydecode.vhd Line: 11
    Warning (13410): Pin "SevenSegement0[2]" is stuck at VCC File: D:/5th-Semester/COA LAB/LABS/LAB8/mydecode.vhd Line: 11
    Warning (13410): Pin "SevenSegement0[3]" is stuck at VCC File: D:/5th-Semester/COA LAB/LABS/LAB8/mydecode.vhd Line: 11
    Warning (13410): Pin "SevenSegement0[4]" is stuck at VCC File: D:/5th-Semester/COA LAB/LABS/LAB8/mydecode.vhd Line: 11
    Warning (13410): Pin "SevenSegement0[5]" is stuck at VCC File: D:/5th-Semester/COA LAB/LABS/LAB8/mydecode.vhd Line: 11
    Warning (13410): Pin "SevenSegement0[6]" is stuck at VCC File: D:/5th-Semester/COA LAB/LABS/LAB8/mydecode.vhd Line: 11
    Warning (13410): Pin "SevenSegement1[0]" is stuck at VCC File: D:/5th-Semester/COA LAB/LABS/LAB8/mydecode.vhd Line: 11
    Warning (13410): Pin "SevenSegement1[1]" is stuck at VCC File: D:/5th-Semester/COA LAB/LABS/LAB8/mydecode.vhd Line: 11
    Warning (13410): Pin "SevenSegement1[2]" is stuck at VCC File: D:/5th-Semester/COA LAB/LABS/LAB8/mydecode.vhd Line: 11
    Warning (13410): Pin "SevenSegement1[3]" is stuck at VCC File: D:/5th-Semester/COA LAB/LABS/LAB8/mydecode.vhd Line: 11
    Warning (13410): Pin "SevenSegement1[4]" is stuck at VCC File: D:/5th-Semester/COA LAB/LABS/LAB8/mydecode.vhd Line: 11
    Warning (13410): Pin "SevenSegement1[5]" is stuck at VCC File: D:/5th-Semester/COA LAB/LABS/LAB8/mydecode.vhd Line: 11
    Warning (13410): Pin "SevenSegement1[6]" is stuck at VCC File: D:/5th-Semester/COA LAB/LABS/LAB8/mydecode.vhd Line: 11
    Warning (13410): Pin "SevenSegement2[0]" is stuck at VCC File: D:/5th-Semester/COA LAB/LABS/LAB8/mydecode.vhd Line: 11
    Warning (13410): Pin "SevenSegement2[1]" is stuck at VCC File: D:/5th-Semester/COA LAB/LABS/LAB8/mydecode.vhd Line: 11
    Warning (13410): Pin "SevenSegement2[2]" is stuck at VCC File: D:/5th-Semester/COA LAB/LABS/LAB8/mydecode.vhd Line: 11
    Warning (13410): Pin "SevenSegement2[3]" is stuck at VCC File: D:/5th-Semester/COA LAB/LABS/LAB8/mydecode.vhd Line: 11
    Warning (13410): Pin "SevenSegement2[4]" is stuck at VCC File: D:/5th-Semester/COA LAB/LABS/LAB8/mydecode.vhd Line: 11
    Warning (13410): Pin "SevenSegement2[5]" is stuck at VCC File: D:/5th-Semester/COA LAB/LABS/LAB8/mydecode.vhd Line: 11
    Warning (13410): Pin "SevenSegement2[6]" is stuck at VCC File: D:/5th-Semester/COA LAB/LABS/LAB8/mydecode.vhd Line: 11
    Warning (13410): Pin "SevenSegement3[0]" is stuck at VCC File: D:/5th-Semester/COA LAB/LABS/LAB8/mydecode.vhd Line: 11
    Warning (13410): Pin "SevenSegement3[1]" is stuck at VCC File: D:/5th-Semester/COA LAB/LABS/LAB8/mydecode.vhd Line: 11
    Warning (13410): Pin "SevenSegement3[2]" is stuck at VCC File: D:/5th-Semester/COA LAB/LABS/LAB8/mydecode.vhd Line: 11
    Warning (13410): Pin "SevenSegement3[3]" is stuck at VCC File: D:/5th-Semester/COA LAB/LABS/LAB8/mydecode.vhd Line: 11
    Warning (13410): Pin "SevenSegement3[4]" is stuck at VCC File: D:/5th-Semester/COA LAB/LABS/LAB8/mydecode.vhd Line: 11
    Warning (13410): Pin "SevenSegement3[5]" is stuck at VCC File: D:/5th-Semester/COA LAB/LABS/LAB8/mydecode.vhd Line: 11
    Warning (13410): Pin "SevenSegement3[6]" is stuck at VCC File: D:/5th-Semester/COA LAB/LABS/LAB8/mydecode.vhd Line: 11
    Warning (13410): Pin "SevenSegement4[0]" is stuck at VCC File: D:/5th-Semester/COA LAB/LABS/LAB8/mydecode.vhd Line: 12
    Warning (13410): Pin "SevenSegement4[1]" is stuck at VCC File: D:/5th-Semester/COA LAB/LABS/LAB8/mydecode.vhd Line: 12
    Warning (13410): Pin "SevenSegement4[2]" is stuck at VCC File: D:/5th-Semester/COA LAB/LABS/LAB8/mydecode.vhd Line: 12
    Warning (13410): Pin "SevenSegement4[3]" is stuck at VCC File: D:/5th-Semester/COA LAB/LABS/LAB8/mydecode.vhd Line: 12
    Warning (13410): Pin "SevenSegement4[4]" is stuck at VCC File: D:/5th-Semester/COA LAB/LABS/LAB8/mydecode.vhd Line: 12
    Warning (13410): Pin "SevenSegement4[5]" is stuck at VCC File: D:/5th-Semester/COA LAB/LABS/LAB8/mydecode.vhd Line: 12
    Warning (13410): Pin "SevenSegement4[6]" is stuck at VCC File: D:/5th-Semester/COA LAB/LABS/LAB8/mydecode.vhd Line: 12
    Warning (13410): Pin "SevenSegement5[0]" is stuck at VCC File: D:/5th-Semester/COA LAB/LABS/LAB8/mydecode.vhd Line: 12
    Warning (13410): Pin "SevenSegement5[1]" is stuck at VCC File: D:/5th-Semester/COA LAB/LABS/LAB8/mydecode.vhd Line: 12
    Warning (13410): Pin "SevenSegement5[2]" is stuck at VCC File: D:/5th-Semester/COA LAB/LABS/LAB8/mydecode.vhd Line: 12
    Warning (13410): Pin "SevenSegement5[3]" is stuck at VCC File: D:/5th-Semester/COA LAB/LABS/LAB8/mydecode.vhd Line: 12
    Warning (13410): Pin "SevenSegement5[4]" is stuck at VCC File: D:/5th-Semester/COA LAB/LABS/LAB8/mydecode.vhd Line: 12
    Warning (13410): Pin "SevenSegement5[5]" is stuck at VCC File: D:/5th-Semester/COA LAB/LABS/LAB8/mydecode.vhd Line: 12
    Warning (13410): Pin "SevenSegement5[6]" is stuck at VCC File: D:/5th-Semester/COA LAB/LABS/LAB8/mydecode.vhd Line: 12
    Warning (13410): Pin "SevenSegement6[0]" is stuck at VCC File: D:/5th-Semester/COA LAB/LABS/LAB8/mydecode.vhd Line: 12
    Warning (13410): Pin "SevenSegement6[1]" is stuck at VCC File: D:/5th-Semester/COA LAB/LABS/LAB8/mydecode.vhd Line: 12
    Warning (13410): Pin "SevenSegement6[2]" is stuck at VCC File: D:/5th-Semester/COA LAB/LABS/LAB8/mydecode.vhd Line: 12
    Warning (13410): Pin "SevenSegement6[3]" is stuck at VCC File: D:/5th-Semester/COA LAB/LABS/LAB8/mydecode.vhd Line: 12
    Warning (13410): Pin "SevenSegement6[4]" is stuck at VCC File: D:/5th-Semester/COA LAB/LABS/LAB8/mydecode.vhd Line: 12
    Warning (13410): Pin "SevenSegement6[5]" is stuck at VCC File: D:/5th-Semester/COA LAB/LABS/LAB8/mydecode.vhd Line: 12
    Warning (13410): Pin "SevenSegement6[6]" is stuck at VCC File: D:/5th-Semester/COA LAB/LABS/LAB8/mydecode.vhd Line: 12
    Warning (13410): Pin "SevenSegement7[0]" is stuck at VCC File: D:/5th-Semester/COA LAB/LABS/LAB8/mydecode.vhd Line: 12
    Warning (13410): Pin "SevenSegement7[1]" is stuck at VCC File: D:/5th-Semester/COA LAB/LABS/LAB8/mydecode.vhd Line: 12
    Warning (13410): Pin "SevenSegement7[2]" is stuck at VCC File: D:/5th-Semester/COA LAB/LABS/LAB8/mydecode.vhd Line: 12
    Warning (13410): Pin "SevenSegement7[3]" is stuck at VCC File: D:/5th-Semester/COA LAB/LABS/LAB8/mydecode.vhd Line: 12
    Warning (13410): Pin "SevenSegement7[4]" is stuck at VCC File: D:/5th-Semester/COA LAB/LABS/LAB8/mydecode.vhd Line: 12
    Warning (13410): Pin "SevenSegement7[5]" is stuck at VCC File: D:/5th-Semester/COA LAB/LABS/LAB8/mydecode.vhd Line: 12
    Warning (13410): Pin "SevenSegement7[6]" is stuck at VCC File: D:/5th-Semester/COA LAB/LABS/LAB8/mydecode.vhd Line: 12
Info (16010): Generating hard_block partition "hard_block:auto_generated_inst"
    Info (16011): Adding 0 node(s), including 0 DDIO, 0 PLL, 0 transceiver and 0 LCELL
Warning (21074): Design contains 4 input pin(s) that do not drive logic
    Warning (15610): No output dependent on input pin "clock" File: D:/5th-Semester/COA LAB/LABS/LAB8/mydecode.vhd Line: 14
    Warning (15610): No output dependent on input pin "reset" File: D:/5th-Semester/COA LAB/LABS/LAB8/mydecode.vhd Line: 14
    Warning (15610): No output dependent on input pin "branch_decision" File: D:/5th-Semester/COA LAB/LABS/LAB8/mydecode.vhd Line: 14
    Warning (15610): No output dependent on input pin "jump_decision" File: D:/5th-Semester/COA LAB/LABS/LAB8/mydecode.vhd Line: 14
Info (21057): Implemented 60 device resources after synthesis - the final resource count might be different
    Info (21058): Implemented 4 input pins
    Info (21059): Implemented 56 output pins
Info: Quartus Prime Analysis & Synthesis was successful. 0 errors, 72 warnings
    Info: Peak virtual memory: 4791 megabytes
    Info: Processing ended: Tue Nov 12 11:31:40 2024
    Info: Elapsed time: 00:00:06
    Info: Total CPU time (on all processors): 00:00:02


