Analysis & Synthesis report for mydecode
Sun Nov 24 23:14:56 2024
Quartus Prime Version 23.1std.1 Build 993 05/14/2024 SC Lite Edition


---------------------
; Table of Contents ;
---------------------
  1. Legal Notice
  2. Analysis & Synthesis Summary
  3. Analysis & Synthesis Settings
  4. Parallel Compilation
  5. Analysis & Synthesis Source Files Read
  6. Analysis & Synthesis Resource Usage Summary
  7. Analysis & Synthesis Resource Utilization by Entity
  8. Registers Removed During Synthesis
  9. Removed Registers Triggering Further Register Optimizations
 10. General Register Statistics
 11. Inverted Register Statistics
 12. Multiplexer Restructuring Statistics (Restructuring Performed)
 13. Port Connectivity Checks: "InstructionDecode:d1"
 14. Port Connectivity Checks: "InstructionFetch:f1|fetch:f1"
 15. Post-Synthesis Netlist Statistics for Top Partition
 16. Elapsed Time Per Partition
 17. Analysis & Synthesis Messages



----------------
; Legal Notice ;
----------------
Copyright (C) 2024  Intel Corporation. All rights reserved.
Your use of Intel Corporation's design tools, logic functions 
and other software and tools, and any partner logic 
functions, and any output files from any of the foregoing 
(including device programming or simulation files), and any 
associated documentation or information are expressly subject 
to the terms and conditions of the Intel Program License 
Subscription Agreement, the Intel Quartus Prime License Agreement,
the Intel FPGA IP License Agreement, or other applicable license
agreement, including, without limitation, that your use is for
the sole purpose of programming logic devices manufactured by
Intel and sold by Intel or its authorized distributors.  Please
refer to the applicable agreement for further details, at
https://fpgasoftware.intel.com/eula.



+-------------------------------------------------------------------------------------+
; Analysis & Synthesis Summary                                                        ;
+------------------------------------+------------------------------------------------+
; Analysis & Synthesis Status        ; Successful - Sun Nov 24 23:14:56 2024          ;
; Quartus Prime Version              ; 23.1std.1 Build 993 05/14/2024 SC Lite Edition ;
; Revision Name                      ; mydecode                                       ;
; Top-level Entity Name              ; mydecode                                       ;
; Family                             ; Cyclone IV E                                   ;
; Total logic elements               ; 171                                            ;
;     Total combinational functions  ; 171                                            ;
;     Dedicated logic registers      ; 28                                             ;
; Total registers                    ; 28                                             ;
; Total pins                         ; 64                                             ;
; Total virtual pins                 ; 0                                              ;
; Total memory bits                  ; 0                                              ;
; Embedded Multiplier 9-bit elements ; 0                                              ;
; Total PLLs                         ; 0                                              ;
+------------------------------------+------------------------------------------------+


+------------------------------------------------------------------------------------------------------------+
; Analysis & Synthesis Settings                                                                              ;
+------------------------------------------------------------------+--------------------+--------------------+
; Option                                                           ; Setting            ; Default Value      ;
+------------------------------------------------------------------+--------------------+--------------------+
; Device                                                           ; EP4CE115F29C7      ;                    ;
; Top-level entity name                                            ; mydecode           ; mydecode           ;
; Family name                                                      ; Cyclone IV E       ; Cyclone V          ;
; Use smart compilation                                            ; Off                ; Off                ;
; Enable parallel Assembler and Timing Analyzer during compilation ; On                 ; On                 ;
; Enable compact report table                                      ; Off                ; Off                ;
; Restructure Multiplexers                                         ; Auto               ; Auto               ;
; Create Debugging Nodes for IP Cores                              ; Off                ; Off                ;
; Preserve fewer node names                                        ; On                 ; On                 ;
; Intel FPGA IP Evaluation Mode                                    ; Enable             ; Enable             ;
; Verilog Version                                                  ; Verilog_2001       ; Verilog_2001       ;
; VHDL Version                                                     ; VHDL_1993          ; VHDL_1993          ;
; State Machine Processing                                         ; Auto               ; Auto               ;
; Safe State Machine                                               ; Off                ; Off                ;
; Extract Verilog State Machines                                   ; On                 ; On                 ;
; Extract VHDL State Machines                                      ; On                 ; On                 ;
; Ignore Verilog initial constructs                                ; Off                ; Off                ;
; Iteration limit for constant Verilog loops                       ; 5000               ; 5000               ;
; Iteration limit for non-constant Verilog loops                   ; 250                ; 250                ;
; Add Pass-Through Logic to Inferred RAMs                          ; On                 ; On                 ;
; Infer RAMs from Raw Logic                                        ; On                 ; On                 ;
; Parallel Synthesis                                               ; On                 ; On                 ;
; DSP Block Balancing                                              ; Auto               ; Auto               ;
; NOT Gate Push-Back                                               ; On                 ; On                 ;
; Power-Up Don't Care                                              ; On                 ; On                 ;
; Remove Redundant Logic Cells                                     ; Off                ; Off                ;
; Remove Duplicate Registers                                       ; On                 ; On                 ;
; Ignore CARRY Buffers                                             ; Off                ; Off                ;
; Ignore CASCADE Buffers                                           ; Off                ; Off                ;
; Ignore GLOBAL Buffers                                            ; Off                ; Off                ;
; Ignore ROW GLOBAL Buffers                                        ; Off                ; Off                ;
; Ignore LCELL Buffers                                             ; Off                ; Off                ;
; Ignore SOFT Buffers                                              ; On                 ; On                 ;
; Limit AHDL Integers to 32 Bits                                   ; Off                ; Off                ;
; Optimization Technique                                           ; Balanced           ; Balanced           ;
; Carry Chain Length                                               ; 70                 ; 70                 ;
; Auto Carry Chains                                                ; On                 ; On                 ;
; Auto Open-Drain Pins                                             ; On                 ; On                 ;
; Perform WYSIWYG Primitive Resynthesis                            ; Off                ; Off                ;
; Auto ROM Replacement                                             ; On                 ; On                 ;
; Auto RAM Replacement                                             ; On                 ; On                 ;
; Auto DSP Block Replacement                                       ; On                 ; On                 ;
; Auto Shift Register Replacement                                  ; Auto               ; Auto               ;
; Allow Shift Register Merging across Hierarchies                  ; Auto               ; Auto               ;
; Auto Clock Enable Replacement                                    ; On                 ; On                 ;
; Strict RAM Replacement                                           ; Off                ; Off                ;
; Allow Synchronous Control Signals                                ; On                 ; On                 ;
; Force Use of Synchronous Clear Signals                           ; Off                ; Off                ;
; Auto RAM Block Balancing                                         ; On                 ; On                 ;
; Auto RAM to Logic Cell Conversion                                ; Off                ; Off                ;
; Auto Resource Sharing                                            ; Off                ; Off                ;
; Allow Any RAM Size For Recognition                               ; Off                ; Off                ;
; Allow Any ROM Size For Recognition                               ; Off                ; Off                ;
; Allow Any Shift Register Size For Recognition                    ; Off                ; Off                ;
; Use LogicLock Constraints during Resource Balancing              ; On                 ; On                 ;
; Ignore translate_off and synthesis_off directives                ; Off                ; Off                ;
; Timing-Driven Synthesis                                          ; On                 ; On                 ;
; Report Parameter Settings                                        ; On                 ; On                 ;
; Report Source Assignments                                        ; On                 ; On                 ;
; Report Connectivity Checks                                       ; On                 ; On                 ;
; Ignore Maximum Fan-Out Assignments                               ; Off                ; Off                ;
; Synchronization Register Chain Length                            ; 2                  ; 2                  ;
; Power Optimization During Synthesis                              ; Normal compilation ; Normal compilation ;
; HDL message level                                                ; Level2             ; Level2             ;
; Suppress Register Optimization Related Messages                  ; Off                ; Off                ;
; Number of Removed Registers Reported in Synthesis Report         ; 5000               ; 5000               ;
; Number of Swept Nodes Reported in Synthesis Report               ; 5000               ; 5000               ;
; Number of Inverted Registers Reported in Synthesis Report        ; 100                ; 100                ;
; Clock MUX Protection                                             ; On                 ; On                 ;
; Auto Gated Clock Conversion                                      ; Off                ; Off                ;
; Block Design Naming                                              ; Auto               ; Auto               ;
; SDC constraint protection                                        ; Off                ; Off                ;
; Synthesis Effort                                                 ; Auto               ; Auto               ;
; Shift Register Replacement - Allow Asynchronous Clear Signal     ; On                 ; On                 ;
; Pre-Mapping Resynthesis Optimization                             ; Off                ; Off                ;
; Analysis & Synthesis Message Level                               ; Medium             ; Medium             ;
; Disable Register Merging Across Hierarchies                      ; Auto               ; Auto               ;
; Resource Aware Inference For Block RAM                           ; On                 ; On                 ;
+------------------------------------------------------------------+--------------------+--------------------+


+------------------------------------------+
; Parallel Compilation                     ;
+----------------------------+-------------+
; Processors                 ; Number      ;
+----------------------------+-------------+
; Number detected on machine ; 12          ;
; Maximum allowed            ; 8           ;
;                            ;             ;
; Average used               ; 1.00        ;
; Maximum used               ; 8           ;
;                            ;             ;
; Usage by Processor         ; % Time Used ;
;     Processor 1            ; 100.0%      ;
;     Processors 2-8         ;   0.0%      ;
+----------------------------+-------------+


+------------------------------------------------------------------------------------------------------------------------------------------+
; Analysis & Synthesis Source Files Read                                                                                                   ;
+----------------------------------+-----------------+-----------------+---------------------------------------------------------+---------+
; File Name with User-Entered Path ; Used in Netlist ; File Type       ; File Name with Absolute Path                            ; Library ;
+----------------------------------+-----------------+-----------------+---------------------------------------------------------+---------+
; fetch.vhd                        ; yes             ; User VHDL File  ; D:/5th-Semester/COA LAB/LABS/LAB8/fetch.vhd             ;         ;
; InstructionDecode.vhd            ; yes             ; User VHDL File  ; D:/5th-Semester/COA LAB/LABS/LAB8/InstructionDecode.vhd ;         ;
; InstructionFetch.vhd             ; yes             ; User VHDL File  ; D:/5th-Semester/COA LAB/LABS/LAB8/InstructionFetch.vhd  ;         ;
; mydecode.vhd                     ; yes             ; User VHDL File  ; D:/5th-Semester/COA LAB/LABS/LAB8/mydecode.vhd          ;         ;
; Mypackage.vhd                    ; yes             ; User VHDL File  ; D:/5th-Semester/COA LAB/LABS/LAB8/Mypackage.vhd         ;         ;
; sevenSegement.vhd                ; yes             ; User VHDL File  ; D:/5th-Semester/COA LAB/LABS/LAB8/sevenSegement.vhd     ;         ;
+----------------------------------+-----------------+-----------------+---------------------------------------------------------+---------+


+-------------------------------------------------------+
; Analysis & Synthesis Resource Usage Summary           ;
+---------------------------------------------+---------+
; Resource                                    ; Usage   ;
+---------------------------------------------+---------+
; Estimated Total logic elements              ; 171     ;
;                                             ;         ;
; Total combinational functions               ; 171     ;
; Logic element usage by number of LUT inputs ;         ;
;     -- 4 input functions                    ; 123     ;
;     -- 3 input functions                    ; 43      ;
;     -- <=2 input functions                  ; 5       ;
;                                             ;         ;
; Logic elements by mode                      ;         ;
;     -- normal mode                          ; 168     ;
;     -- arithmetic mode                      ; 3       ;
;                                             ;         ;
; Total registers                             ; 28      ;
;     -- Dedicated logic registers            ; 28      ;
;     -- I/O registers                        ; 0       ;
;                                             ;         ;
; I/O pins                                    ; 64      ;
;                                             ;         ;
; Embedded Multiplier 9-bit elements          ; 0       ;
;                                             ;         ;
; Maximum fan-out node                        ; Mux28~0 ;
; Maximum fan-out                             ; 29      ;
; Total fan-out                               ; 822     ;
; Average fan-out                             ; 2.51    ;
+---------------------------------------------+---------+


+-----------------------------------------------------------------------------------------------------------------------------------------------------------------------------------------------------------------------------------+
; Analysis & Synthesis Resource Utilization by Entity                                                                                                                                                                               ;
+----------------------------+---------------------+---------------------------+-------------+--------------+---------+-----------+------+--------------+----------------------------------------+-------------------+--------------+
; Compilation Hierarchy Node ; Combinational ALUTs ; Dedicated Logic Registers ; Memory Bits ; DSP Elements ; DSP 9x9 ; DSP 18x18 ; Pins ; Virtual Pins ; Full Hierarchy Name                    ; Entity Name       ; Library Name ;
+----------------------------+---------------------+---------------------------+-------------+--------------+---------+-----------+------+--------------+----------------------------------------+-------------------+--------------+
; |mydecode                  ; 171 (48)            ; 28 (0)                    ; 0           ; 0            ; 0       ; 0         ; 64   ; 0            ; |mydecode                              ; mydecode          ; work         ;
;    |InstructionDecode:d1|  ; 27 (27)             ; 10 (10)                   ; 0           ; 0            ; 0       ; 0         ; 0    ; 0            ; |mydecode|InstructionDecode:d1         ; InstructionDecode ; work         ;
;    |InstructionFetch:f1|   ; 35 (0)              ; 18 (0)                    ; 0           ; 0            ; 0       ; 0         ; 0    ; 0            ; |mydecode|InstructionFetch:f1          ; InstructionFetch  ; work         ;
;       |fetch:f1|           ; 35 (35)             ; 18 (18)                   ; 0           ; 0            ; 0       ; 0         ; 0    ; 0            ; |mydecode|InstructionFetch:f1|fetch:f1 ; fetch             ; work         ;
;    |sevenSegement:u0|      ; 7 (7)               ; 0 (0)                     ; 0           ; 0            ; 0       ; 0         ; 0    ; 0            ; |mydecode|sevenSegement:u0             ; sevenSegement     ; work         ;
;    |sevenSegement:u1|      ; 7 (7)               ; 0 (0)                     ; 0           ; 0            ; 0       ; 0         ; 0    ; 0            ; |mydecode|sevenSegement:u1             ; sevenSegement     ; work         ;
;    |sevenSegement:u2|      ; 7 (7)               ; 0 (0)                     ; 0           ; 0            ; 0       ; 0         ; 0    ; 0            ; |mydecode|sevenSegement:u2             ; sevenSegement     ; work         ;
;    |sevenSegement:u3|      ; 7 (7)               ; 0 (0)                     ; 0           ; 0            ; 0       ; 0         ; 0    ; 0            ; |mydecode|sevenSegement:u3             ; sevenSegement     ; work         ;
;    |sevenSegement:u4|      ; 7 (7)               ; 0 (0)                     ; 0           ; 0            ; 0       ; 0         ; 0    ; 0            ; |mydecode|sevenSegement:u4             ; sevenSegement     ; work         ;
;    |sevenSegement:u5|      ; 11 (11)             ; 0 (0)                     ; 0           ; 0            ; 0       ; 0         ; 0    ; 0            ; |mydecode|sevenSegement:u5             ; sevenSegement     ; work         ;
;    |sevenSegement:u6|      ; 7 (7)               ; 0 (0)                     ; 0           ; 0            ; 0       ; 0         ; 0    ; 0            ; |mydecode|sevenSegement:u6             ; sevenSegement     ; work         ;
;    |sevenSegement:u7|      ; 8 (8)               ; 0 (0)                     ; 0           ; 0            ; 0       ; 0         ; 0    ; 0            ; |mydecode|sevenSegement:u7             ; sevenSegement     ; work         ;
+----------------------------+---------------------+---------------------------+-------------+--------------+---------+-----------+------+--------------+----------------------------------------+-------------------+--------------+
Note: For table entries with two numbers listed, the numbers in parentheses indicate the number of resources of the given type used by the specific entity alone. The numbers listed outside of parentheses indicate the total resources of the given type used by the specific entity and all of its sub-entities in the hierarchy.


+---------------------------------------------------------------------------------------------------------------------+
; Registers Removed During Synthesis                                                                                  ;
+----------------------------------------------------------+----------------------------------------------------------+
; Register name                                            ; Reason for Removal                                       ;
+----------------------------------------------------------+----------------------------------------------------------+
; InstructionDecode:d1|reg_File[0][11]                     ; Merged with InstructionDecode:d1|reg_File[0][0]          ;
; InstructionDecode:d1|reg_File[0][12]                     ; Merged with InstructionDecode:d1|reg_File[0][0]          ;
; InstructionDecode:d1|reg_File[0][13]                     ; Merged with InstructionDecode:d1|reg_File[0][0]          ;
; InstructionDecode:d1|reg_File[0][15]                     ; Merged with InstructionDecode:d1|reg_File[0][0]          ;
; InstructionDecode:d1|reg_File[0][16]                     ; Merged with InstructionDecode:d1|reg_File[0][0]          ;
; InstructionDecode:d1|reg_File[0][17]                     ; Merged with InstructionDecode:d1|reg_File[0][0]          ;
; InstructionDecode:d1|reg_File[0][19]                     ; Merged with InstructionDecode:d1|reg_File[0][0]          ;
; InstructionDecode:d1|reg_File[0][1]                      ; Merged with InstructionDecode:d1|reg_File[0][0]          ;
; InstructionDecode:d1|reg_File[0][20]                     ; Merged with InstructionDecode:d1|reg_File[0][0]          ;
; InstructionDecode:d1|reg_File[0][21]                     ; Merged with InstructionDecode:d1|reg_File[0][0]          ;
; InstructionDecode:d1|reg_File[0][23]                     ; Merged with InstructionDecode:d1|reg_File[0][0]          ;
; InstructionDecode:d1|reg_File[0][24]                     ; Merged with InstructionDecode:d1|reg_File[0][0]          ;
; InstructionDecode:d1|reg_File[0][25]                     ; Merged with InstructionDecode:d1|reg_File[0][0]          ;
; InstructionDecode:d1|reg_File[0][27]                     ; Merged with InstructionDecode:d1|reg_File[0][0]          ;
; InstructionDecode:d1|reg_File[0][28]                     ; Merged with InstructionDecode:d1|reg_File[0][0]          ;
; InstructionDecode:d1|reg_File[0][29]                     ; Merged with InstructionDecode:d1|reg_File[0][0]          ;
; InstructionDecode:d1|reg_File[0][31]                     ; Merged with InstructionDecode:d1|reg_File[0][0]          ;
; InstructionDecode:d1|reg_File[0][3]                      ; Merged with InstructionDecode:d1|reg_File[0][0]          ;
; InstructionDecode:d1|reg_File[0][4]                      ; Merged with InstructionDecode:d1|reg_File[0][0]          ;
; InstructionDecode:d1|reg_File[0][5]                      ; Merged with InstructionDecode:d1|reg_File[0][0]          ;
; InstructionDecode:d1|reg_File[0][7]                      ; Merged with InstructionDecode:d1|reg_File[0][0]          ;
; InstructionDecode:d1|reg_File[0][8]                      ; Merged with InstructionDecode:d1|reg_File[0][0]          ;
; InstructionDecode:d1|reg_File[0][9]                      ; Merged with InstructionDecode:d1|reg_File[0][0]          ;
; InstructionDecode:d1|reg_File[1][13]                     ; Merged with InstructionDecode:d1|reg_File[1][11]         ;
; InstructionDecode:d1|reg_File[1][15]                     ; Merged with InstructionDecode:d1|reg_File[1][11]         ;
; InstructionDecode:d1|reg_File[1][17]                     ; Merged with InstructionDecode:d1|reg_File[1][11]         ;
; InstructionDecode:d1|reg_File[1][19]                     ; Merged with InstructionDecode:d1|reg_File[1][11]         ;
; InstructionDecode:d1|reg_File[1][1]                      ; Merged with InstructionDecode:d1|reg_File[1][11]         ;
; InstructionDecode:d1|reg_File[1][21]                     ; Merged with InstructionDecode:d1|reg_File[1][11]         ;
; InstructionDecode:d1|reg_File[1][23]                     ; Merged with InstructionDecode:d1|reg_File[1][11]         ;
; InstructionDecode:d1|reg_File[1][25]                     ; Merged with InstructionDecode:d1|reg_File[1][11]         ;
; InstructionDecode:d1|reg_File[1][27]                     ; Merged with InstructionDecode:d1|reg_File[1][11]         ;
; InstructionDecode:d1|reg_File[1][29]                     ; Merged with InstructionDecode:d1|reg_File[1][11]         ;
; InstructionDecode:d1|reg_File[1][31]                     ; Merged with InstructionDecode:d1|reg_File[1][11]         ;
; InstructionDecode:d1|reg_File[1][3]                      ; Merged with InstructionDecode:d1|reg_File[1][11]         ;
; InstructionDecode:d1|reg_File[1][5]                      ; Merged with InstructionDecode:d1|reg_File[1][11]         ;
; InstructionDecode:d1|reg_File[1][7]                      ; Merged with InstructionDecode:d1|reg_File[1][11]         ;
; InstructionDecode:d1|reg_File[1][9]                      ; Merged with InstructionDecode:d1|reg_File[1][11]         ;
; InstructionDecode:d1|reg_File[2][11]                     ; Merged with InstructionDecode:d1|reg_File[2][0]          ;
; InstructionDecode:d1|reg_File[2][12]                     ; Merged with InstructionDecode:d1|reg_File[2][0]          ;
; InstructionDecode:d1|reg_File[2][15]                     ; Merged with InstructionDecode:d1|reg_File[2][0]          ;
; InstructionDecode:d1|reg_File[2][16]                     ; Merged with InstructionDecode:d1|reg_File[2][0]          ;
; InstructionDecode:d1|reg_File[2][19]                     ; Merged with InstructionDecode:d1|reg_File[2][0]          ;
; InstructionDecode:d1|reg_File[2][20]                     ; Merged with InstructionDecode:d1|reg_File[2][0]          ;
; InstructionDecode:d1|reg_File[2][23]                     ; Merged with InstructionDecode:d1|reg_File[2][0]          ;
; InstructionDecode:d1|reg_File[2][24]                     ; Merged with InstructionDecode:d1|reg_File[2][0]          ;
; InstructionDecode:d1|reg_File[2][27]                     ; Merged with InstructionDecode:d1|reg_File[2][0]          ;
; InstructionDecode:d1|reg_File[2][28]                     ; Merged with InstructionDecode:d1|reg_File[2][0]          ;
; InstructionDecode:d1|reg_File[2][31]                     ; Merged with InstructionDecode:d1|reg_File[2][0]          ;
; InstructionDecode:d1|reg_File[2][3]                      ; Merged with InstructionDecode:d1|reg_File[2][0]          ;
; InstructionDecode:d1|reg_File[2][4]                      ; Merged with InstructionDecode:d1|reg_File[2][0]          ;
; InstructionDecode:d1|reg_File[2][7]                      ; Merged with InstructionDecode:d1|reg_File[2][0]          ;
; InstructionDecode:d1|reg_File[2][8]                      ; Merged with InstructionDecode:d1|reg_File[2][0]          ;
; InstructionDecode:d1|reg_File[3][15]                     ; Merged with InstructionDecode:d1|reg_File[3][11]         ;
; InstructionDecode:d1|reg_File[3][19]                     ; Merged with InstructionDecode:d1|reg_File[3][11]         ;
; InstructionDecode:d1|reg_File[3][23]                     ; Merged with InstructionDecode:d1|reg_File[3][11]         ;
; InstructionDecode:d1|reg_File[3][27]                     ; Merged with InstructionDecode:d1|reg_File[3][11]         ;
; InstructionDecode:d1|reg_File[3][31]                     ; Merged with InstructionDecode:d1|reg_File[3][11]         ;
; InstructionDecode:d1|reg_File[3][3]                      ; Merged with InstructionDecode:d1|reg_File[3][11]         ;
; InstructionDecode:d1|reg_File[3][7]                      ; Merged with InstructionDecode:d1|reg_File[3][11]         ;
; InstructionDecode:d1|reg_File[4][11]                     ; Merged with InstructionDecode:d1|reg_File[4][0]          ;
; InstructionDecode:d1|reg_File[4][12]                     ; Merged with InstructionDecode:d1|reg_File[4][0]          ;
; InstructionDecode:d1|reg_File[4][13]                     ; Merged with InstructionDecode:d1|reg_File[4][0]          ;
; InstructionDecode:d1|reg_File[4][15]                     ; Merged with InstructionDecode:d1|reg_File[4][0]          ;
; InstructionDecode:d1|reg_File[4][16]                     ; Merged with InstructionDecode:d1|reg_File[4][0]          ;
; InstructionDecode:d1|reg_File[4][17]                     ; Merged with InstructionDecode:d1|reg_File[4][0]          ;
; InstructionDecode:d1|reg_File[4][19]                     ; Merged with InstructionDecode:d1|reg_File[4][0]          ;
; InstructionDecode:d1|reg_File[4][1]                      ; Merged with InstructionDecode:d1|reg_File[4][0]          ;
; InstructionDecode:d1|reg_File[4][20]                     ; Merged with InstructionDecode:d1|reg_File[4][0]          ;
; InstructionDecode:d1|reg_File[4][21]                     ; Merged with InstructionDecode:d1|reg_File[4][0]          ;
; InstructionDecode:d1|reg_File[4][23]                     ; Merged with InstructionDecode:d1|reg_File[4][0]          ;
; InstructionDecode:d1|reg_File[4][24]                     ; Merged with InstructionDecode:d1|reg_File[4][0]          ;
; InstructionDecode:d1|reg_File[4][25]                     ; Merged with InstructionDecode:d1|reg_File[4][0]          ;
; InstructionDecode:d1|reg_File[4][27]                     ; Merged with InstructionDecode:d1|reg_File[4][0]          ;
; InstructionDecode:d1|reg_File[4][28]                     ; Merged with InstructionDecode:d1|reg_File[4][0]          ;
; InstructionDecode:d1|reg_File[4][29]                     ; Merged with InstructionDecode:d1|reg_File[4][0]          ;
; InstructionDecode:d1|reg_File[4][31]                     ; Merged with InstructionDecode:d1|reg_File[4][0]          ;
; InstructionDecode:d1|reg_File[4][3]                      ; Merged with InstructionDecode:d1|reg_File[4][0]          ;
; InstructionDecode:d1|reg_File[4][4]                      ; Merged with InstructionDecode:d1|reg_File[4][0]          ;
; InstructionDecode:d1|reg_File[4][5]                      ; Merged with InstructionDecode:d1|reg_File[4][0]          ;
; InstructionDecode:d1|reg_File[4][7]                      ; Merged with InstructionDecode:d1|reg_File[4][0]          ;
; InstructionDecode:d1|reg_File[4][8]                      ; Merged with InstructionDecode:d1|reg_File[4][0]          ;
; InstructionDecode:d1|reg_File[4][9]                      ; Merged with InstructionDecode:d1|reg_File[4][0]          ;
; InstructionDecode:d1|reg_File[5][13]                     ; Merged with InstructionDecode:d1|reg_File[5][11]         ;
; InstructionDecode:d1|reg_File[5][15]                     ; Merged with InstructionDecode:d1|reg_File[5][11]         ;
; InstructionDecode:d1|reg_File[5][17]                     ; Merged with InstructionDecode:d1|reg_File[5][11]         ;
; InstructionDecode:d1|reg_File[5][19]                     ; Merged with InstructionDecode:d1|reg_File[5][11]         ;
; InstructionDecode:d1|reg_File[5][1]                      ; Merged with InstructionDecode:d1|reg_File[5][11]         ;
; InstructionDecode:d1|reg_File[5][21]                     ; Merged with InstructionDecode:d1|reg_File[5][11]         ;
; InstructionDecode:d1|reg_File[5][23]                     ; Merged with InstructionDecode:d1|reg_File[5][11]         ;
; InstructionDecode:d1|reg_File[5][25]                     ; Merged with InstructionDecode:d1|reg_File[5][11]         ;
; InstructionDecode:d1|reg_File[5][27]                     ; Merged with InstructionDecode:d1|reg_File[5][11]         ;
; InstructionDecode:d1|reg_File[5][29]                     ; Merged with InstructionDecode:d1|reg_File[5][11]         ;
; InstructionDecode:d1|reg_File[5][31]                     ; Merged with InstructionDecode:d1|reg_File[5][11]         ;
; InstructionDecode:d1|reg_File[5][3]                      ; Merged with InstructionDecode:d1|reg_File[5][11]         ;
; InstructionDecode:d1|reg_File[5][5]                      ; Merged with InstructionDecode:d1|reg_File[5][11]         ;
; InstructionDecode:d1|reg_File[5][7]                      ; Merged with InstructionDecode:d1|reg_File[5][11]         ;
; InstructionDecode:d1|reg_File[5][9]                      ; Merged with InstructionDecode:d1|reg_File[5][11]         ;
; InstructionDecode:d1|reg_File[6][11]                     ; Merged with InstructionDecode:d1|reg_File[6][0]          ;
; InstructionDecode:d1|reg_File[6][12]                     ; Merged with InstructionDecode:d1|reg_File[6][0]          ;
; InstructionDecode:d1|reg_File[6][15]                     ; Merged with InstructionDecode:d1|reg_File[6][0]          ;
; InstructionDecode:d1|reg_File[6][16]                     ; Merged with InstructionDecode:d1|reg_File[6][0]          ;
; InstructionDecode:d1|reg_File[6][19]                     ; Merged with InstructionDecode:d1|reg_File[6][0]          ;
; InstructionDecode:d1|reg_File[6][20]                     ; Merged with InstructionDecode:d1|reg_File[6][0]          ;
; InstructionDecode:d1|reg_File[6][23]                     ; Merged with InstructionDecode:d1|reg_File[6][0]          ;
; InstructionDecode:d1|reg_File[6][24]                     ; Merged with InstructionDecode:d1|reg_File[6][0]          ;
; InstructionDecode:d1|reg_File[6][27]                     ; Merged with InstructionDecode:d1|reg_File[6][0]          ;
; InstructionDecode:d1|reg_File[6][28]                     ; Merged with InstructionDecode:d1|reg_File[6][0]          ;
; InstructionDecode:d1|reg_File[6][31]                     ; Merged with InstructionDecode:d1|reg_File[6][0]          ;
; InstructionDecode:d1|reg_File[6][3]                      ; Merged with InstructionDecode:d1|reg_File[6][0]          ;
; InstructionDecode:d1|reg_File[6][4]                      ; Merged with InstructionDecode:d1|reg_File[6][0]          ;
; InstructionDecode:d1|reg_File[6][7]                      ; Merged with InstructionDecode:d1|reg_File[6][0]          ;
; InstructionDecode:d1|reg_File[6][8]                      ; Merged with InstructionDecode:d1|reg_File[6][0]          ;
; InstructionDecode:d1|reg_File[7][15]                     ; Merged with InstructionDecode:d1|reg_File[7][11]         ;
; InstructionDecode:d1|reg_File[7][19]                     ; Merged with InstructionDecode:d1|reg_File[7][11]         ;
; InstructionDecode:d1|reg_File[7][23]                     ; Merged with InstructionDecode:d1|reg_File[7][11]         ;
; InstructionDecode:d1|reg_File[7][27]                     ; Merged with InstructionDecode:d1|reg_File[7][11]         ;
; InstructionDecode:d1|reg_File[7][31]                     ; Merged with InstructionDecode:d1|reg_File[7][11]         ;
; InstructionDecode:d1|reg_File[7][3]                      ; Merged with InstructionDecode:d1|reg_File[7][11]         ;
; InstructionDecode:d1|reg_File[7][7]                      ; Merged with InstructionDecode:d1|reg_File[7][11]         ;
; InstructionDecode:d1|reg_File[0][14]                     ; Merged with InstructionDecode:d1|reg_File[0][10]         ;
; InstructionDecode:d1|reg_File[0][18]                     ; Merged with InstructionDecode:d1|reg_File[0][10]         ;
; InstructionDecode:d1|reg_File[0][22]                     ; Merged with InstructionDecode:d1|reg_File[0][10]         ;
; InstructionDecode:d1|reg_File[0][26]                     ; Merged with InstructionDecode:d1|reg_File[0][10]         ;
; InstructionDecode:d1|reg_File[0][2]                      ; Merged with InstructionDecode:d1|reg_File[0][10]         ;
; InstructionDecode:d1|reg_File[0][30]                     ; Merged with InstructionDecode:d1|reg_File[0][10]         ;
; InstructionDecode:d1|reg_File[0][6]                      ; Merged with InstructionDecode:d1|reg_File[0][10]         ;
; InstructionDecode:d1|reg_File[1][14]                     ; Merged with InstructionDecode:d1|reg_File[1][10]         ;
; InstructionDecode:d1|reg_File[1][18]                     ; Merged with InstructionDecode:d1|reg_File[1][10]         ;
; InstructionDecode:d1|reg_File[1][22]                     ; Merged with InstructionDecode:d1|reg_File[1][10]         ;
; InstructionDecode:d1|reg_File[1][26]                     ; Merged with InstructionDecode:d1|reg_File[1][10]         ;
; InstructionDecode:d1|reg_File[1][2]                      ; Merged with InstructionDecode:d1|reg_File[1][10]         ;
; InstructionDecode:d1|reg_File[1][30]                     ; Merged with InstructionDecode:d1|reg_File[1][10]         ;
; InstructionDecode:d1|reg_File[1][6]                      ; Merged with InstructionDecode:d1|reg_File[1][10]         ;
; InstructionDecode:d1|reg_File[2][14]                     ; Merged with InstructionDecode:d1|reg_File[2][10]         ;
; InstructionDecode:d1|reg_File[2][18]                     ; Merged with InstructionDecode:d1|reg_File[2][10]         ;
; InstructionDecode:d1|reg_File[2][22]                     ; Merged with InstructionDecode:d1|reg_File[2][10]         ;
; InstructionDecode:d1|reg_File[2][26]                     ; Merged with InstructionDecode:d1|reg_File[2][10]         ;
; InstructionDecode:d1|reg_File[2][2]                      ; Merged with InstructionDecode:d1|reg_File[2][10]         ;
; InstructionDecode:d1|reg_File[2][30]                     ; Merged with InstructionDecode:d1|reg_File[2][10]         ;
; InstructionDecode:d1|reg_File[2][6]                      ; Merged with InstructionDecode:d1|reg_File[2][10]         ;
; InstructionDecode:d1|reg_File[3][14]                     ; Merged with InstructionDecode:d1|reg_File[3][10]         ;
; InstructionDecode:d1|reg_File[3][18]                     ; Merged with InstructionDecode:d1|reg_File[3][10]         ;
; InstructionDecode:d1|reg_File[3][22]                     ; Merged with InstructionDecode:d1|reg_File[3][10]         ;
; InstructionDecode:d1|reg_File[3][26]                     ; Merged with InstructionDecode:d1|reg_File[3][10]         ;
; InstructionDecode:d1|reg_File[3][2]                      ; Merged with InstructionDecode:d1|reg_File[3][10]         ;
; InstructionDecode:d1|reg_File[3][30]                     ; Merged with InstructionDecode:d1|reg_File[3][10]         ;
; InstructionDecode:d1|reg_File[3][6]                      ; Merged with InstructionDecode:d1|reg_File[3][10]         ;
; InstructionDecode:d1|reg_File[4][14]                     ; Merged with InstructionDecode:d1|reg_File[4][10]         ;
; InstructionDecode:d1|reg_File[4][18]                     ; Merged with InstructionDecode:d1|reg_File[4][10]         ;
; InstructionDecode:d1|reg_File[4][22]                     ; Merged with InstructionDecode:d1|reg_File[4][10]         ;
; InstructionDecode:d1|reg_File[4][26]                     ; Merged with InstructionDecode:d1|reg_File[4][10]         ;
; InstructionDecode:d1|reg_File[4][2]                      ; Merged with InstructionDecode:d1|reg_File[4][10]         ;
; InstructionDecode:d1|reg_File[4][30]                     ; Merged with InstructionDecode:d1|reg_File[4][10]         ;
; InstructionDecode:d1|reg_File[4][6]                      ; Merged with InstructionDecode:d1|reg_File[4][10]         ;
; InstructionDecode:d1|reg_File[5][14]                     ; Merged with InstructionDecode:d1|reg_File[5][10]         ;
; InstructionDecode:d1|reg_File[5][18]                     ; Merged with InstructionDecode:d1|reg_File[5][10]         ;
; InstructionDecode:d1|reg_File[5][22]                     ; Merged with InstructionDecode:d1|reg_File[5][10]         ;
; InstructionDecode:d1|reg_File[5][26]                     ; Merged with InstructionDecode:d1|reg_File[5][10]         ;
; InstructionDecode:d1|reg_File[5][2]                      ; Merged with InstructionDecode:d1|reg_File[5][10]         ;
; InstructionDecode:d1|reg_File[5][30]                     ; Merged with InstructionDecode:d1|reg_File[5][10]         ;
; InstructionDecode:d1|reg_File[5][6]                      ; Merged with InstructionDecode:d1|reg_File[5][10]         ;
; InstructionDecode:d1|reg_File[6][14]                     ; Merged with InstructionDecode:d1|reg_File[6][10]         ;
; InstructionDecode:d1|reg_File[6][18]                     ; Merged with InstructionDecode:d1|reg_File[6][10]         ;
; InstructionDecode:d1|reg_File[6][22]                     ; Merged with InstructionDecode:d1|reg_File[6][10]         ;
; InstructionDecode:d1|reg_File[6][26]                     ; Merged with InstructionDecode:d1|reg_File[6][10]         ;
; InstructionDecode:d1|reg_File[6][2]                      ; Merged with InstructionDecode:d1|reg_File[6][10]         ;
; InstructionDecode:d1|reg_File[6][30]                     ; Merged with InstructionDecode:d1|reg_File[6][10]         ;
; InstructionDecode:d1|reg_File[6][6]                      ; Merged with InstructionDecode:d1|reg_File[6][10]         ;
; InstructionDecode:d1|reg_File[7][14]                     ; Merged with InstructionDecode:d1|reg_File[7][10]         ;
; InstructionDecode:d1|reg_File[7][18]                     ; Merged with InstructionDecode:d1|reg_File[7][10]         ;
; InstructionDecode:d1|reg_File[7][22]                     ; Merged with InstructionDecode:d1|reg_File[7][10]         ;
; InstructionDecode:d1|reg_File[7][26]                     ; Merged with InstructionDecode:d1|reg_File[7][10]         ;
; InstructionDecode:d1|reg_File[7][2]                      ; Merged with InstructionDecode:d1|reg_File[7][10]         ;
; InstructionDecode:d1|reg_File[7][30]                     ; Merged with InstructionDecode:d1|reg_File[7][10]         ;
; InstructionDecode:d1|reg_File[7][6]                      ; Merged with InstructionDecode:d1|reg_File[7][10]         ;
; InstructionDecode:d1|reg_File[2][17]                     ; Merged with InstructionDecode:d1|reg_File[2][13]         ;
; InstructionDecode:d1|reg_File[2][1]                      ; Merged with InstructionDecode:d1|reg_File[2][13]         ;
; InstructionDecode:d1|reg_File[2][21]                     ; Merged with InstructionDecode:d1|reg_File[2][13]         ;
; InstructionDecode:d1|reg_File[2][25]                     ; Merged with InstructionDecode:d1|reg_File[2][13]         ;
; InstructionDecode:d1|reg_File[2][29]                     ; Merged with InstructionDecode:d1|reg_File[2][13]         ;
; InstructionDecode:d1|reg_File[2][5]                      ; Merged with InstructionDecode:d1|reg_File[2][13]         ;
; InstructionDecode:d1|reg_File[2][9]                      ; Merged with InstructionDecode:d1|reg_File[2][13]         ;
; InstructionDecode:d1|reg_File[3][12]                     ; Merged with InstructionDecode:d1|reg_File[3][0]          ;
; InstructionDecode:d1|reg_File[3][13]                     ; Merged with InstructionDecode:d1|reg_File[3][0]          ;
; InstructionDecode:d1|reg_File[3][16]                     ; Merged with InstructionDecode:d1|reg_File[3][0]          ;
; InstructionDecode:d1|reg_File[3][17]                     ; Merged with InstructionDecode:d1|reg_File[3][0]          ;
; InstructionDecode:d1|reg_File[3][1]                      ; Merged with InstructionDecode:d1|reg_File[3][0]          ;
; InstructionDecode:d1|reg_File[3][20]                     ; Merged with InstructionDecode:d1|reg_File[3][0]          ;
; InstructionDecode:d1|reg_File[3][21]                     ; Merged with InstructionDecode:d1|reg_File[3][0]          ;
; InstructionDecode:d1|reg_File[3][24]                     ; Merged with InstructionDecode:d1|reg_File[3][0]          ;
; InstructionDecode:d1|reg_File[3][25]                     ; Merged with InstructionDecode:d1|reg_File[3][0]          ;
; InstructionDecode:d1|reg_File[3][28]                     ; Merged with InstructionDecode:d1|reg_File[3][0]          ;
; InstructionDecode:d1|reg_File[3][29]                     ; Merged with InstructionDecode:d1|reg_File[3][0]          ;
; InstructionDecode:d1|reg_File[3][4]                      ; Merged with InstructionDecode:d1|reg_File[3][0]          ;
; InstructionDecode:d1|reg_File[3][5]                      ; Merged with InstructionDecode:d1|reg_File[3][0]          ;
; InstructionDecode:d1|reg_File[3][8]                      ; Merged with InstructionDecode:d1|reg_File[3][0]          ;
; InstructionDecode:d1|reg_File[3][9]                      ; Merged with InstructionDecode:d1|reg_File[3][0]          ;
; InstructionDecode:d1|reg_File[6][17]                     ; Merged with InstructionDecode:d1|reg_File[6][13]         ;
; InstructionDecode:d1|reg_File[6][1]                      ; Merged with InstructionDecode:d1|reg_File[6][13]         ;
; InstructionDecode:d1|reg_File[6][21]                     ; Merged with InstructionDecode:d1|reg_File[6][13]         ;
; InstructionDecode:d1|reg_File[6][25]                     ; Merged with InstructionDecode:d1|reg_File[6][13]         ;
; InstructionDecode:d1|reg_File[6][29]                     ; Merged with InstructionDecode:d1|reg_File[6][13]         ;
; InstructionDecode:d1|reg_File[6][5]                      ; Merged with InstructionDecode:d1|reg_File[6][13]         ;
; InstructionDecode:d1|reg_File[6][9]                      ; Merged with InstructionDecode:d1|reg_File[6][13]         ;
; InstructionDecode:d1|reg_File[7][12]                     ; Merged with InstructionDecode:d1|reg_File[7][0]          ;
; InstructionDecode:d1|reg_File[7][13]                     ; Merged with InstructionDecode:d1|reg_File[7][0]          ;
; InstructionDecode:d1|reg_File[7][16]                     ; Merged with InstructionDecode:d1|reg_File[7][0]          ;
; InstructionDecode:d1|reg_File[7][17]                     ; Merged with InstructionDecode:d1|reg_File[7][0]          ;
; InstructionDecode:d1|reg_File[7][1]                      ; Merged with InstructionDecode:d1|reg_File[7][0]          ;
; InstructionDecode:d1|reg_File[7][20]                     ; Merged with InstructionDecode:d1|reg_File[7][0]          ;
; InstructionDecode:d1|reg_File[7][21]                     ; Merged with InstructionDecode:d1|reg_File[7][0]          ;
; InstructionDecode:d1|reg_File[7][24]                     ; Merged with InstructionDecode:d1|reg_File[7][0]          ;
; InstructionDecode:d1|reg_File[7][25]                     ; Merged with InstructionDecode:d1|reg_File[7][0]          ;
; InstructionDecode:d1|reg_File[7][28]                     ; Merged with InstructionDecode:d1|reg_File[7][0]          ;
; InstructionDecode:d1|reg_File[7][29]                     ; Merged with InstructionDecode:d1|reg_File[7][0]          ;
; InstructionDecode:d1|reg_File[7][4]                      ; Merged with InstructionDecode:d1|reg_File[7][0]          ;
; InstructionDecode:d1|reg_File[7][5]                      ; Merged with InstructionDecode:d1|reg_File[7][0]          ;
; InstructionDecode:d1|reg_File[7][8]                      ; Merged with InstructionDecode:d1|reg_File[7][0]          ;
; InstructionDecode:d1|reg_File[7][9]                      ; Merged with InstructionDecode:d1|reg_File[7][0]          ;
; InstructionDecode:d1|reg_File[1][12]                     ; Merged with InstructionDecode:d1|reg_File[1][0]          ;
; InstructionDecode:d1|reg_File[1][16]                     ; Merged with InstructionDecode:d1|reg_File[1][0]          ;
; InstructionDecode:d1|reg_File[1][20]                     ; Merged with InstructionDecode:d1|reg_File[1][0]          ;
; InstructionDecode:d1|reg_File[1][24]                     ; Merged with InstructionDecode:d1|reg_File[1][0]          ;
; InstructionDecode:d1|reg_File[1][28]                     ; Merged with InstructionDecode:d1|reg_File[1][0]          ;
; InstructionDecode:d1|reg_File[1][4]                      ; Merged with InstructionDecode:d1|reg_File[1][0]          ;
; InstructionDecode:d1|reg_File[1][8]                      ; Merged with InstructionDecode:d1|reg_File[1][0]          ;
; InstructionDecode:d1|reg_File[5][12]                     ; Merged with InstructionDecode:d1|reg_File[5][0]          ;
; InstructionDecode:d1|reg_File[5][16]                     ; Merged with InstructionDecode:d1|reg_File[5][0]          ;
; InstructionDecode:d1|reg_File[5][20]                     ; Merged with InstructionDecode:d1|reg_File[5][0]          ;
; InstructionDecode:d1|reg_File[5][24]                     ; Merged with InstructionDecode:d1|reg_File[5][0]          ;
; InstructionDecode:d1|reg_File[5][28]                     ; Merged with InstructionDecode:d1|reg_File[5][0]          ;
; InstructionDecode:d1|reg_File[5][4]                      ; Merged with InstructionDecode:d1|reg_File[5][0]          ;
; InstructionDecode:d1|reg_File[5][8]                      ; Merged with InstructionDecode:d1|reg_File[5][0]          ;
; InstructionDecode:d1|reg_File[7][11]                     ; Stuck at GND due to stuck port data_in                   ;
; InstructionDecode:d1|reg_File[6][0]                      ; Stuck at GND due to stuck port data_in                   ;
; InstructionDecode:d1|reg_File[5][11]                     ; Stuck at GND due to stuck port data_in                   ;
; InstructionDecode:d1|reg_File[4][0]                      ; Stuck at GND due to stuck port data_in                   ;
; InstructionDecode:d1|reg_File[3][11]                     ; Stuck at GND due to stuck port data_in                   ;
; InstructionDecode:d1|reg_File[2][0]                      ; Stuck at GND due to stuck port data_in                   ;
; InstructionDecode:d1|reg_File[1][11]                     ; Stuck at GND due to stuck port data_in                   ;
; InstructionDecode:d1|reg_File[0][0]                      ; Stuck at GND due to stuck port data_in                   ;
; InstructionFetch:f1|fetch:f1|instruction[19]             ; Stuck at GND due to stuck port data_in                   ;
; InstructionDecode:d1|reg_File[5][10]                     ; Stuck at VCC due to stuck port data_in                   ;
; InstructionDecode:d1|reg_File[6][10]                     ; Stuck at VCC due to stuck port data_in                   ;
; InstructionDecode:d1|reg_File[7][10]                     ; Stuck at VCC due to stuck port data_in                   ;
; InstructionDecode:d1|reg_File[4][10]                     ; Stuck at VCC due to stuck port data_in                   ;
; InstructionFetch:f1|fetch:f1|instruction[5]              ; Merged with InstructionFetch:f1|fetch:f1|instruction[13] ;
; InstructionFetch:f1|fetch:f1|instruction[4,8]            ; Merged with InstructionFetch:f1|fetch:f1|instruction[12] ;
; InstructionFetch:f1|fetch:f1|instruction[3,6,7,11,14,15] ; Merged with InstructionFetch:f1|fetch:f1|instruction[10] ;
; InstructionFetch:f1|fetch:f1|instruction[1]              ; Merged with InstructionFetch:f1|fetch:f1|instruction[17] ;
; InstructionFetch:f1|fetch:f1|instruction[24]             ; Merged with InstructionFetch:f1|fetch:f1|instruction[20] ;
; InstructionFetch:f1|fetch:f1|pc[4..31]                   ; Lost fanout                                              ;
; Total Number of Removed Registers = 286                  ;                                                          ;
+----------------------------------------------------------+----------------------------------------------------------+


+--------------------------------------------------------------------------------------------------------------------------------------------------------+
; Removed Registers Triggering Further Register Optimizations                                                                                            ;
+----------------------------------------------+---------------------------+-----------------------------------------------------------------------------+
; Register name                                ; Reason for Removal        ; Registers Removed due to This Register                                      ;
+----------------------------------------------+---------------------------+-----------------------------------------------------------------------------+
; InstructionFetch:f1|fetch:f1|instruction[19] ; Stuck at GND              ; InstructionDecode:d1|reg_File[5][10], InstructionDecode:d1|reg_File[6][10], ;
;                                              ; due to stuck port data_in ; InstructionDecode:d1|reg_File[4][10]                                        ;
+----------------------------------------------+---------------------------+-----------------------------------------------------------------------------+


+------------------------------------------------------+
; General Register Statistics                          ;
+----------------------------------------------+-------+
; Statistic                                    ; Value ;
+----------------------------------------------+-------+
; Total registers                              ; 28    ;
; Number of registers using Synchronous Clear  ; 16    ;
; Number of registers using Synchronous Load   ; 0     ;
; Number of registers using Asynchronous Clear ; 0     ;
; Number of registers using Asynchronous Load  ; 0     ;
; Number of registers using Clock Enable       ; 0     ;
; Number of registers using Preset             ; 0     ;
+----------------------------------------------+-------+


+--------------------------------------------------+
; Inverted Register Statistics                     ;
+----------------------------------------+---------+
; Inverted Register                      ; Fan out ;
+----------------------------------------+---------+
; InstructionDecode:d1|reg_File[5][0]    ; 4       ;
; InstructionDecode:d1|reg_File[7][0]    ; 6       ;
; InstructionDecode:d1|reg_File[1][0]    ; 4       ;
; InstructionDecode:d1|reg_File[3][0]    ; 6       ;
; InstructionDecode:d1|reg_File[6][13]   ; 4       ;
; InstructionDecode:d1|reg_File[2][13]   ; 4       ;
; Total number of inverted registers = 6 ;         ;
+----------------------------------------+---------+


+--------------------------------------------------------------------------------------------------------------------------------------------------------------+
; Multiplexer Restructuring Statistics (Restructuring Performed)                                                                                               ;
+--------------------+-----------+---------------+----------------------+------------------------+------------+------------------------------------------------+
; Multiplexer Inputs ; Bus Width ; Baseline Area ; Area if Restructured ; Saving if Restructured ; Registered ; Example Multiplexer Output                     ;
+--------------------+-----------+---------------+----------------------+------------------------+------------+------------------------------------------------+
; 3:1                ; 2 bits    ; 4 LEs         ; 2 LEs                ; 2 LEs                  ; Yes        ; |mydecode|InstructionDecode:d1|reg_File[6][10] ;
; 3:1                ; 2 bits    ; 4 LEs         ; 2 LEs                ; 2 LEs                  ; Yes        ; |mydecode|InstructionDecode:d1|reg_File[5][0]  ;
; 3:1                ; 2 bits    ; 4 LEs         ; 2 LEs                ; 2 LEs                  ; Yes        ; |mydecode|InstructionDecode:d1|reg_File[7][0]  ;
; 3:1                ; 3 bits    ; 6 LEs         ; 6 LEs                ; 0 LEs                  ; No         ; |mydecode|Mux13                                ;
; 3:1                ; 32 bits   ; 64 LEs        ; 64 LEs               ; 0 LEs                  ; No         ; |mydecode|InstructionFetch:f1|fetch:f1|pc      ;
; 4:1                ; 10 bits   ; 20 LEs        ; 20 LEs               ; 0 LEs                  ; No         ; |mydecode|Mux6                                 ;
; 8:1                ; 3 bits    ; 15 LEs        ; 3 LEs                ; 12 LEs                 ; No         ; |mydecode|Mux20                                ;
; 6:1                ; 12 bits   ; 48 LEs        ; 24 LEs               ; 24 LEs                 ; No         ; |mydecode|Mux18                                ;
+--------------------+-----------+---------------+----------------------+------------------------+------------+------------------------------------------------+


+------------------------------------------------------+
; Port Connectivity Checks: "InstructionDecode:d1"     ;
+--------------------+-------+----------+--------------+
; Port               ; Type  ; Severity ; Details      ;
+--------------------+-------+----------+--------------+
; alu_result[29..27] ; Input ; Info     ; Stuck at GND ;
; alu_result[25..23] ; Input ; Info     ; Stuck at GND ;
; alu_result[21..19] ; Input ; Info     ; Stuck at GND ;
; alu_result[17..15] ; Input ; Info     ; Stuck at GND ;
; alu_result[13..11] ; Input ; Info     ; Stuck at GND ;
; alu_result[9..7]   ; Input ; Info     ; Stuck at GND ;
; alu_result[5..3]   ; Input ; Info     ; Stuck at GND ;
; alu_result[1..0]   ; Input ; Info     ; Stuck at GND ;
; alu_result[31]     ; Input ; Info     ; Stuck at GND ;
; alu_result[30]     ; Input ; Info     ; Stuck at VCC ;
; alu_result[26]     ; Input ; Info     ; Stuck at VCC ;
; alu_result[22]     ; Input ; Info     ; Stuck at VCC ;
; alu_result[18]     ; Input ; Info     ; Stuck at VCC ;
; alu_result[14]     ; Input ; Info     ; Stuck at VCC ;
; alu_result[10]     ; Input ; Info     ; Stuck at VCC ;
; alu_result[6]      ; Input ; Info     ; Stuck at VCC ;
; alu_result[2]      ; Input ; Info     ; Stuck at VCC ;
; memory_data        ; Input ; Info     ; Stuck at GND ;
; regdst             ; Input ; Info     ; Stuck at GND ;
; memtoreg           ; Input ; Info     ; Stuck at GND ;
+--------------------+-------+----------+--------------+


+------------------------------------------------------------------------------------------------------------------------------+
; Port Connectivity Checks: "InstructionFetch:f1|fetch:f1"                                                                     ;
+--------------------+--------+----------+-------------------------------------------------------------------------------------+
; Port               ; Type   ; Severity ; Details                                                                             ;
+--------------------+--------+----------+-------------------------------------------------------------------------------------+
; pc_out             ; Output ; Info     ; Connected to dangling logic. Logic that only feeds a dangling port will be removed. ;
; branch_addr[1..0]  ; Input  ; Info     ; Stuck at VCC                                                                        ;
; branch_addr[31..2] ; Input  ; Info     ; Stuck at GND                                                                        ;
; jump_addr[31..4]   ; Input  ; Info     ; Stuck at GND                                                                        ;
; jump_addr[2..1]    ; Input  ; Info     ; Stuck at GND                                                                        ;
; jump_addr[3]       ; Input  ; Info     ; Stuck at VCC                                                                        ;
; jump_addr[0]       ; Input  ; Info     ; Stuck at VCC                                                                        ;
+--------------------+--------+----------+-------------------------------------------------------------------------------------+


+-----------------------------------------------------+
; Post-Synthesis Netlist Statistics for Top Partition ;
+-----------------------+-----------------------------+
; Type                  ; Count                       ;
+-----------------------+-----------------------------+
; boundary_port         ; 64                          ;
; cycloneiii_ff         ; 28                          ;
;     SCLR              ; 16                          ;
;     plain             ; 12                          ;
; cycloneiii_lcell_comb ; 176                         ;
;     arith             ; 3                           ;
;         3 data inputs ; 3                           ;
;     normal            ; 173                         ;
;         1 data inputs ; 6                           ;
;         2 data inputs ; 4                           ;
;         3 data inputs ; 40                          ;
;         4 data inputs ; 123                         ;
;                       ;                             ;
; Max LUT depth         ; 8.00                        ;
; Average LUT depth     ; 5.10                        ;
+-----------------------+-----------------------------+


+-------------------------------+
; Elapsed Time Per Partition    ;
+----------------+--------------+
; Partition Name ; Elapsed Time ;
+----------------+--------------+
; Top            ; 00:00:00     ;
+----------------+--------------+


+-------------------------------+
; Analysis & Synthesis Messages ;
+-------------------------------+
Info: *******************************************************************
Info: Running Quartus Prime Analysis & Synthesis
    Info: Version 23.1std.1 Build 993 05/14/2024 SC Lite Edition
    Info: Processing started: Sun Nov 24 23:14:49 2024
Info: Command: quartus_map --read_settings_files=on --write_settings_files=off mydecode -c mydecode
Warning (18236): Number of processors has not been specified which may cause overloading on shared machines.  Set the global assignment NUM_PARALLEL_PROCESSORS in your QSF to an appropriate value for best performance.
Info (20030): Parallel compilation is enabled and will use 8 of the 8 processors detected
Info (12021): Found 2 design units, including 1 entities, in source file fetch.vhd
    Info (12022): Found design unit 1: fetch-bhv File: D:/5th-Semester/COA LAB/LABS/LAB8/fetch.vhd Line: 23
    Info (12023): Found entity 1: fetch File: D:/5th-Semester/COA LAB/LABS/LAB8/fetch.vhd Line: 9
Info (12021): Found 2 design units, including 1 entities, in source file instructiondecode.vhd
    Info (12022): Found design unit 1: InstructionDecode-Behavioral File: D:/5th-Semester/COA LAB/LABS/LAB8/InstructionDecode.vhd Line: 21
    Info (12023): Found entity 1: InstructionDecode File: D:/5th-Semester/COA LAB/LABS/LAB8/InstructionDecode.vhd Line: 6
Info (12021): Found 2 design units, including 1 entities, in source file instructionfetch.vhd
    Info (12022): Found design unit 1: InstructionFetch-bhv File: D:/5th-Semester/COA LAB/LABS/LAB8/InstructionFetch.vhd Line: 17
    Info (12023): Found entity 1: InstructionFetch File: D:/5th-Semester/COA LAB/LABS/LAB8/InstructionFetch.vhd Line: 9
Info (12021): Found 2 design units, including 1 entities, in source file mydecode.vhd
    Info (12022): Found design unit 1: mydecode-bhv File: D:/5th-Semester/COA LAB/LABS/LAB8/mydecode.vhd Line: 19
    Info (12023): Found entity 1: mydecode File: D:/5th-Semester/COA LAB/LABS/LAB8/mydecode.vhd Line: 9
Info (12021): Found 1 design units, including 0 entities, in source file mypackage.vhd
    Info (12022): Found design unit 1: MyPackage File: D:/5th-Semester/COA LAB/LABS/LAB8/Mypackage.vhd Line: 4
Info (12021): Found 2 design units, including 1 entities, in source file sevensegement.vhd
    Info (12022): Found design unit 1: sevenSegement-Behavioural File: D:/5th-Semester/COA LAB/LABS/LAB8/sevenSegement.vhd Line: 11
    Info (12023): Found entity 1: sevenSegement File: D:/5th-Semester/COA LAB/LABS/LAB8/sevenSegement.vhd Line: 4
Info (12127): Elaborating entity "mydecode" for the top level hierarchy
Info (12128): Elaborating entity "InstructionFetch" for hierarchy "InstructionFetch:f1" File: D:/5th-Semester/COA LAB/LABS/LAB8/mydecode.vhd Line: 25
Warning (10036): Verilog HDL or VHDL warning at InstructionFetch.vhd(18): object "top_pcout" assigned a value but never read File: D:/5th-Semester/COA LAB/LABS/LAB8/InstructionFetch.vhd Line: 18
Info (12128): Elaborating entity "fetch" for hierarchy "InstructionFetch:f1|fetch:f1" File: D:/5th-Semester/COA LAB/LABS/LAB8/InstructionFetch.vhd Line: 23
Info (12128): Elaborating entity "InstructionDecode" for hierarchy "InstructionDecode:d1" File: D:/5th-Semester/COA LAB/LABS/LAB8/mydecode.vhd Line: 33
Info (12128): Elaborating entity "sevenSegement" for hierarchy "sevenSegement:u7" File: D:/5th-Semester/COA LAB/LABS/LAB8/mydecode.vhd Line: 58
Info (276014): Found 1 instances of uninferred RAM logic
    Info (276004): RAM logic "InstructionFetch:f1|fetch:f1|mem" is uninferred due to inappropriate RAM size File: D:/5th-Semester/COA LAB/LABS/LAB8/fetch.vhd Line: 35
Info (286030): Timing-Driven Synthesis is running
Info (17049): 28 registers lost all their fanouts during netlist optimizations.
Info (16010): Generating hard_block partition "hard_block:auto_generated_inst"
    Info (16011): Adding 0 node(s), including 0 DDIO, 0 PLL, 0 transceiver and 0 LCELL
Info (21057): Implemented 235 device resources after synthesis - the final resource count might be different
    Info (21058): Implemented 8 input pins
    Info (21059): Implemented 56 output pins
    Info (21061): Implemented 171 logic cells
Info: Quartus Prime Analysis & Synthesis was successful. 0 errors, 2 warnings
    Info: Peak virtual memory: 4844 megabytes
    Info: Processing ended: Sun Nov 24 23:14:56 2024
    Info: Elapsed time: 00:00:07
    Info: Total CPU time (on all processors): 00:00:06


